[ 2018-01-19T15:51:02+08:00 ] ::1 /htdocs/index.php?g=admin&m=public&a=login
ERR: SQLSTATE[HY000] [1049] Unknown database 'bdm248126662_db'

[ 2018-01-19T15:53:46+08:00 ] ::1 /htdocs/index.php?g=&m=public&a=dologin
INFO: [ app_begin ] --START--
INFO: Run Behavior\ReadHtmlCacheBehavior [ RunTime:0.001000s ]
INFO: Run Behavior\CheckLangBehavior [ RunTime:0.002001s ]
INFO: Run Common\Behavior\UrldecodeGetBehavior [ RunTime:0.000000s ]
INFO: [ app_begin ] --END-- [ RunTime:0.003001s ]
INFO: [ admin_begin ] --START--
INFO: Run Common\Behavior\AdminDefaultLangBehavior [ RunTime:0.002000s ]
INFO: [ admin_begin ] --END-- [ RunTime:0.002000s ]
NOTIC: [8] Undefined index: CONFIG_ID D:\wamp64\www\htdocs\application\Common\Controller\AdminbaseController.class.php 第 20 行.
SQL: SHOW COLUMNS FROM `yds_users` [ RunTime:0.0010s ]
SQL: SELECT * FROM `yds_users` WHERE `user_login` = 'admin' LIMIT 1   [ RunTime:0.0130s ]
SQL: SHOW COLUMNS FROM `yds_role_user` [ RunTime:0.0020s ]
SQL: SELECT `role_id` FROM yds_role_user a INNER JOIN yds_role as b on a.role_id =b.id  WHERE `user_id` = '1' AND `status` = 1  [ RunTime:0.0240s ]
SQL: UPDATE `yds_users` SET `config_id`='0',`station_id`='0',`user_login`='admin',`user_pass`='###310ea1775f1ba62df5cdb6d1f2583636',`user_nicename`='admin',`user_email`='php20141104@163.com',`user_url`='',`avatar`=NULL,`sex`='1',`birthday`='2017-05-25',`signature`='',`last_login_ip`='0.0.0.0',`last_login_time`='2018-01-19 15:53:46',`create_time`='2017-05-25 05:08:45',`user_activation_key`='',`user_status`='1',`score`='0',`user_type`='1',`coin`='0',`mobile`='' WHERE `id` = '1' [ RunTime:0.0110s ]

[ 2018-01-19T17:20:47+08:00 ] ::1 /htdocs/index.php?g=Admin&m=Order&a=doAddOrder
ERR: 1366:Incorrect decimal value: 'A' for column 'goods_price' at row 1
 [ SQL语句 ] : INSERT INTO `yds_b2c_order_detail` (`goods_id`,`order_id`,`goods_name`,`goods_price`,`goods_num`,`sub_total`,`goods_img`) VALUES ('0','276','A','A','1','0','A')

[ 2018-01-19T17:43:22+08:00 ] ::1 /htdocs/index.php?g=Admin&m=Wechat&a=getWechatMenu&config_id=1
ERR: [3] Get Wechat Access Token Error: [40125] invalid appsecret, view more at http://t.cn/RAEkdVq hint: [6klkNa0999sha6]
[ 2018-01-19T17:43:22+08:00 ] ::1 /htdocs/index.php?g=Admin&m=Wechat&a=getWechatMenu&config_id=1
INFO: [ app_begin ] --START--
INFO: Run Behavior\ReadHtmlCacheBehavior [ RunTime:0.001000s ]
INFO: Run Behavior\CheckLangBehavior [ RunTime:0.002000s ]
INFO: Run Common\Behavior\UrldecodeGetBehavior [ RunTime:0.000000s ]
INFO: [ app_begin ] --END-- [ RunTime:0.005000s ]
INFO: [ admin_begin ] --START--
INFO: Run Common\Behavior\AdminDefaultLangBehavior [ RunTime:0.001000s ]
INFO: [ admin_begin ] --END-- [ RunTime:0.002000s ]
SQL: SHOW COLUMNS FROM `yds_users` [ RunTime:0.0110s ]
SQL: SELECT * FROM `yds_users` WHERE `id` = '1' LIMIT 1   [ RunTime:0.0000s ]
SQL: SHOW COLUMNS FROM `yds_wechat_config` [ RunTime:0.0120s ]
SQL: SELECT * FROM `yds_wechat_config` WHERE `id` = 1 LIMIT 1   [ RunTime:0.0010s ]
SQL: SELECT * FROM `yds_wechat_config` WHERE `id` = 1 LIMIT 1   [ RunTime:0.0000s ]
SQL: SHOW COLUMNS FROM `yds_wechat_access_token` [ RunTime:0.0320s ]
SQL: SELECT * FROM `yds_wechat_access_token` WHERE `config_id` = 1 AND `expire_time` > 1516355000 ORDER BY expire_time desc LIMIT 1   [ RunTime:0.0150s ]
NOTIC: [8] Undefined index: url D:\wamp64\www\htdocs\application\Common\Controller\AppframeController.class.php 第 22 行.

[ 2018-01-19T17:43:25+08:00 ] ::1 /htdocs/index.php?g=Admin&m=Wechat&a=getWechatMenu&config_id=1
ERR: [3] Get Wechat Access Token Error: [40125] invalid appsecret, view more at http://t.cn/RAEkdVq hint: [Iv2yrA00022976]
[ 2018-01-19T17:43:25+08:00 ] ::1 /htdocs/index.php?g=Admin&m=Wechat&a=getWechatMenu&config_id=1
INFO: [ app_begin ] --START--
INFO: Run Behavior\ReadHtmlCacheBehavior [ RunTime:0.001000s ]
INFO: Run Behavior\CheckLangBehavior [ RunTime:0.001000s ]
INFO: Run Common\Behavior\UrldecodeGetBehavior [ RunTime:0.001001s ]
INFO: [ app_begin ] --END-- [ RunTime:0.004001s ]
INFO: [ admin_begin ] --START--
INFO: Run Common\Behavior\AdminDefaultLangBehavior [ RunTime:0.002000s ]
INFO: [ admin_begin ] --END-- [ RunTime:0.002000s ]
SQL: SHOW COLUMNS FROM `yds_users` [ RunTime:0.0010s ]
SQL: SELECT * FROM `yds_users` WHERE `id` = '1' LIMIT 1   [ RunTime:0.0010s ]
SQL: SHOW COLUMNS FROM `yds_wechat_config` [ RunTime:0.0020s ]
SQL: SELECT * FROM `yds_wechat_config` WHERE `id` = 1 LIMIT 1   [ RunTime:0.0000s ]
SQL: SELECT * FROM `yds_wechat_config` WHERE `id` = 1 LIMIT 1   [ RunTime:0.0000s ]
SQL: SHOW COLUMNS FROM `yds_wechat_access_token` [ RunTime:0.0020s ]
SQL: SELECT * FROM `yds_wechat_access_token` WHERE `config_id` = 1 AND `expire_time` > 1516355005 ORDER BY expire_time desc LIMIT 1   [ RunTime:0.0000s ]
NOTIC: [8] Undefined index: url D:\wamp64\www\htdocs\application\Common\Controller\AppframeController.class.php 第 22 行.

[ 2018-01-19T17:43:27+08:00 ] ::1 /htdocs/index.php?g=Admin&m=Wechat&a=getWechatMenu&config_id=1
ERR: [3] Get Wechat Access Token Error: [40125] invalid appsecret, view more at http://t.cn/RAEkdVq hint: [aDHaiA00041528]
[ 2018-01-19T17:43:27+08:00 ] ::1 /htdocs/index.php?g=Admin&m=Wechat&a=getWechatMenu&config_id=1
INFO: [ app_begin ] --START--
INFO: Run Behavior\ReadHtmlCacheBehavior [ RunTime:0.001000s ]
INFO: Run Behavior\CheckLangBehavior [ RunTime:0.001000s ]
INFO: Run Common\Behavior\UrldecodeGetBehavior [ RunTime:0.001000s ]
INFO: [ app_begin ] --END-- [ RunTime:0.003000s ]
INFO: [ admin_begin ] --START--
INFO: Run Common\Behavior\AdminDefaultLangBehavior [ RunTime:0.002000s ]
INFO: [ admin_begin ] --END-- [ RunTime:0.002000s ]
SQL: SHOW COLUMNS FROM `yds_users` [ RunTime:0.0110s ]
SQL: SELECT * FROM `yds_users` WHERE `id` = '1' LIMIT 1   [ RunTime:0.0010s ]
SQL: SHOW COLUMNS FROM `yds_wechat_config` [ RunTime:0.0030s ]
SQL: SELECT * FROM `yds_wechat_config` WHERE `id` = 1 LIMIT 1   [ RunTime:0.0010s ]
SQL: SELECT * FROM `yds_wechat_config` WHERE `id` = 1 LIMIT 1   [ RunTime:0.0000s ]
SQL: SHOW COLUMNS FROM `yds_wechat_access_token` [ RunTime:0.0060s ]
SQL: SELECT * FROM `yds_wechat_access_token` WHERE `config_id` = 1 AND `expire_time` > 1516355007 ORDER BY expire_time desc LIMIT 1   [ RunTime:0.0000s ]
NOTIC: [8] Undefined index: url D:\wamp64\www\htdocs\application\Common\Controller\AppframeController.class.php 第 22 行.

[ 2018-01-19T17:43:37+08:00 ] ::1 /htdocs/index.php?g=Admin&m=Wechat&a=getWechatMenu&config_id=1
ERR: [3] Get Wechat Access Token Error: [40125] invalid appsecret, view more at http://t.cn/RAEkdVq hint: [r4wr40014sha7]
[ 2018-01-19T17:43:37+08:00 ] ::1 /htdocs/index.php?g=Admin&m=Wechat&a=getWechatMenu&config_id=1
INFO: [ app_begin ] --START--
INFO: Run Behavior\ReadHtmlCacheBehavior [ RunTime:0.001000s ]
INFO: Run Behavior\CheckLangBehavior [ RunTime:0.008000s ]
INFO: Run Common\Behavior\UrldecodeGetBehavior [ RunTime:0.001000s ]
INFO: [ app_begin ] --END-- [ RunTime:0.016001s ]
INFO: [ admin_begin ] --START--
INFO: Run Common\Behavior\AdminDefaultLangBehavior [ RunTime:0.003000s ]
INFO: [ admin_begin ] --END-- [ RunTime:0.003000s ]
SQL: SHOW COLUMNS FROM `yds_users` [ RunTime:0.0340s ]
SQL: SELECT * FROM `yds_users` WHERE `id` = '1' LIMIT 1   [ RunTime:0.0030s ]
SQL: SHOW COLUMNS FROM `yds_wechat_config` [ RunTime:0.0150s ]
SQL: SELECT * FROM `yds_wechat_config` WHERE `id` = 1 LIMIT 1   [ RunTime:0.0370s ]
SQL: SELECT * FROM `yds_wechat_config` WHERE `id` = 1 LIMIT 1   [ RunTime:0.0010s ]
SQL: SHOW COLUMNS FROM `yds_wechat_access_token` [ RunTime:0.0020s ]
SQL: SELECT * FROM `yds_wechat_access_token` WHERE `config_id` = 1 AND `expire_time` > 1516355017 ORDER BY expire_time desc LIMIT 1   [ RunTime:0.0000s ]
NOTIC: [8] Undefined index: url D:\wamp64\www\htdocs\application\Common\Controller\AppframeController.class.php 第 22 行.

[ 2018-01-19T18:00:10+08:00 ] ::1 /htdocs/index.php?g=Admin&m=Station&a=C_stationAdd
ERR: [3] Get Wechat Access Token Error: [40125] invalid appsecret, view more at http://t.cn/RAEkdVq hint: [g70R900071528]
[ 2018-01-19T18:00:10+08:00 ] ::1 /htdocs/index.php?g=Admin&m=Station&a=C_stationAdd
INFO: [ app_begin ] --START--
INFO: Run Behavior\ReadHtmlCacheBehavior [ RunTime:0.000000s ]
INFO: Run Behavior\CheckLangBehavior [ RunTime:0.002000s ]
INFO: Run Common\Behavior\UrldecodeGetBehavior [ RunTime:0.000000s ]
INFO: [ app_begin ] --END-- [ RunTime:0.003000s ]
INFO: [ admin_begin ] --START--
INFO: Run Common\Behavior\AdminDefaultLangBehavior [ RunTime:0.001000s ]
INFO: [ admin_begin ] --END-- [ RunTime:0.001000s ]
SQL: SHOW COLUMNS FROM `yds_users` [ RunTime:0.0140s ]
SQL: SELECT * FROM `yds_users` WHERE `id` = '1' LIMIT 1   [ RunTime:0.0010s ]
SQL: SHOW COLUMNS FROM `yds_station` [ RunTime:0.0290s ]
SQL: INSERT INTO `yds_station` (`name`,`tel`,`address`,`gps`,`bind_code`,`desc`,`range`,`create_time`,`status`,`config_id`) VALUES ('测试a','15074685969','北京市丰台区','116.247479,39.867501','7T0LZQ9KHU','1','[null]','1516356009','0','1') [ RunTime:0.0550s ]
SQL: SHOW COLUMNS FROM `yds_wechat_config` [ RunTime:0.0150s ]
SQL: SELECT * FROM `yds_wechat_config` WHERE `id` = 1 LIMIT 1   [ RunTime:0.0010s ]
SQL: SHOW COLUMNS FROM `yds_wechat_access_token` [ RunTime:0.0030s ]
SQL: SELECT * FROM `yds_wechat_access_token` WHERE `config_id` = 1 AND `expire_time` > 1516356010 ORDER BY expire_time desc LIMIT 1   [ RunTime:0.0040s ]
SQL: SHOW COLUMNS FROM `yds_error_log` [ RunTime:0.0640s ]
SQL: INSERT INTO `yds_error_log` (`error_code`,`error_msg`,`file`,`line`,`create_time`) VALUES ('3','Get Wechat Access Token Error: [40125] invalid appsecret, view more at http://t.cn/RAEkdVq hint: [g70R900071528]','D:\\wamp64\\www\\htdocs\\application\\Common\\Lib\\Wechat.class.php','413','1516356010') [ RunTime:0.0570s ]

[ 2018-01-19T18:09:54+08:00 ] ::1 /htdocs/index.php?g=&m=public&a=dologin
INFO: [ app_begin ] --START--
INFO: Run Behavior\ReadHtmlCacheBehavior [ RunTime:0.000000s ]
INFO: Run Behavior\CheckLangBehavior [ RunTime:0.002000s ]
INFO: Run Common\Behavior\UrldecodeGetBehavior [ RunTime:0.000000s ]
INFO: [ app_begin ] --END-- [ RunTime:0.002000s ]
INFO: [ admin_begin ] --START--
INFO: Run Common\Behavior\AdminDefaultLangBehavior [ RunTime:0.001000s ]
INFO: [ admin_begin ] --END-- [ RunTime:0.002000s ]
SQL: SHOW COLUMNS FROM `yds_users` [ RunTime:0.0260s ]
SQL: SELECT * FROM `yds_users` WHERE `user_login` = 'zhenshui' LIMIT 1   [ RunTime:0.0010s ]

[ 2018-01-19T18:10:08+08:00 ] ::1 /htdocs/index.php?g=&m=public&a=dologin
INFO: [ app_begin ] --START--
INFO: Run Behavior\ReadHtmlCacheBehavior [ RunTime:0.000000s ]
INFO: Run Behavior\CheckLangBehavior [ RunTime:0.002001s ]
INFO: Run Common\Behavior\UrldecodeGetBehavior [ RunTime:0.000000s ]
INFO: [ app_begin ] --END-- [ RunTime:0.003001s ]
INFO: [ admin_begin ] --START--
INFO: Run Common\Behavior\AdminDefaultLangBehavior [ RunTime:0.001000s ]
INFO: [ admin_begin ] --END-- [ RunTime:0.002000s ]
SQL: SHOW COLUMNS FROM `yds_users` [ RunTime:0.0190s ]
SQL: SELECT * FROM `yds_users` WHERE `user_login` = 'zhenshui' LIMIT 1   [ RunTime:0.0010s ]

[ 2018-01-19T18:10:32+08:00 ] ::1 /htdocs/index.php?g=&m=public&a=dologin
INFO: [ app_begin ] --START--
INFO: Run Behavior\ReadHtmlCacheBehavior [ RunTime:0.001000s ]
INFO: Run Behavior\CheckLangBehavior [ RunTime:0.002000s ]
INFO: Run Common\Behavior\UrldecodeGetBehavior [ RunTime:0.000000s ]
INFO: [ app_begin ] --END-- [ RunTime:0.005000s ]
INFO: [ admin_begin ] --START--
INFO: Run Common\Behavior\AdminDefaultLangBehavior [ RunTime:0.002000s ]
INFO: [ admin_begin ] --END-- [ RunTime:0.002000s ]
SQL: SHOW COLUMNS FROM `yds_users` [ RunTime:0.0240s ]
SQL: SELECT * FROM `yds_users` WHERE `user_login` = 'zhenshui' LIMIT 1   [ RunTime:0.0010s ]
SQL: SHOW COLUMNS FROM `yds_role_user` [ RunTime:0.0020s ]
SQL: SELECT `role_id` FROM yds_role_user a INNER JOIN yds_role as b on a.role_id =b.id  WHERE `user_id` = '15' AND `status` = 1  [ RunTime:0.0350s ]
SQL: UPDATE `yds_users` SET `config_id`='6',`station_id`='0',`user_login`='zhenshui',`user_pass`='###310ea1775f1ba62df5cdb6d1f2583636',`user_nicename`='',`user_email`='zhenshui@163.com',`user_url`='',`avatar`=NULL,`sex`='0',`birthday`='2000-01-01',`signature`=NULL,`last_login_ip`='0.0.0.0',`last_login_time`='2018-01-19 18:10:32',`create_time`='2017-09-07 10:25:01',`user_activation_key`='',`user_status`='1',`score`='0',`user_type`='1',`coin`='0',`mobile`='' WHERE `id` = '15' [ RunTime:0.0190s ]

[ 2018-01-19T18:39:05+08:00 ] ::1 /htdocs/index.php?g=&m=public&a=dologin
INFO: [ app_begin ] --START--
INFO: Run Behavior\ReadHtmlCacheBehavior [ RunTime:0.000000s ]
INFO: Run Behavior\CheckLangBehavior [ RunTime:0.002000s ]
INFO: Run Common\Behavior\UrldecodeGetBehavior [ RunTime:0.001000s ]
INFO: [ app_begin ] --END-- [ RunTime:0.004000s ]
INFO: [ admin_begin ] --START--
INFO: Run Common\Behavior\AdminDefaultLangBehavior [ RunTime:0.001000s ]
INFO: [ admin_begin ] --END-- [ RunTime:0.001000s ]

[ 2018-01-19T18:39:08+08:00 ] ::1 /htdocs/index.php?g=&m=public&a=dologin
INFO: [ app_begin ] --START--
INFO: Run Behavior\ReadHtmlCacheBehavior [ RunTime:0.001000s ]
INFO: Run Behavior\CheckLangBehavior [ RunTime:0.002001s ]
INFO: Run Common\Behavior\UrldecodeGetBehavior [ RunTime:0.001000s ]
INFO: [ app_begin ] --END-- [ RunTime:0.005001s ]
INFO: [ admin_begin ] --START--
INFO: Run Common\Behavior\AdminDefaultLangBehavior [ RunTime:0.002000s ]
INFO: [ admin_begin ] --END-- [ RunTime:0.003000s ]
SQL: SHOW COLUMNS FROM `yds_users` [ RunTime:0.0230s ]
SQL: SELECT * FROM `yds_users` WHERE `user_login` = 'admin' LIMIT 1   [ RunTime:0.0010s ]

[ 2018-01-19T18:39:18+08:00 ] ::1 /htdocs/index.php?g=&m=public&a=dologin
INFO: [ app_begin ] --START--
INFO: Run Behavior\ReadHtmlCacheBehavior [ RunTime:0.001000s ]
INFO: Run Behavior\CheckLangBehavior [ RunTime:0.002000s ]
INFO: Run Common\Behavior\UrldecodeGetBehavior [ RunTime:0.000000s ]
INFO: [ app_begin ] --END-- [ RunTime:0.005001s ]
INFO: [ admin_begin ] --START--
INFO: Run Common\Behavior\AdminDefaultLangBehavior [ RunTime:0.002000s ]
INFO: [ admin_begin ] --END-- [ RunTime:0.002000s ]
SQL: SHOW COLUMNS FROM `yds_users` [ RunTime:0.0290s ]
SQL: SELECT * FROM `yds_users` WHERE `user_login` = 'admin' LIMIT 1   [ RunTime:0.0010s ]
SQL: SHOW COLUMNS FROM `yds_role_user` [ RunTime:0.0010s ]
SQL: SELECT `role_id` FROM yds_role_user a INNER JOIN yds_role as b on a.role_id =b.id  WHERE `user_id` = '1' AND `status` = 1  [ RunTime:0.0000s ]
SQL: UPDATE `yds_users` SET `config_id`='0',`station_id`='0',`user_login`='admin',`user_pass`='###310ea1775f1ba62df5cdb6d1f2583636',`user_nicename`='admin',`user_email`='php20141104@163.com',`user_url`='',`avatar`=NULL,`sex`='1',`birthday`='2017-05-25',`signature`='',`last_login_ip`='0.0.0.0',`last_login_time`='2018-01-19 18:39:18',`create_time`='2017-05-25 05:08:45',`user_activation_key`='',`user_status`='1',`score`='0',`user_type`='1',`coin`='0',`mobile`='' WHERE `id` = '1' [ RunTime:0.0010s ]

[ 2018-01-19T18:39:27+08:00 ] ::1 /htdocs/index.php?g=Admin&m=Menu&a=index
NOTIC: D方法实例化没找到模型类Common\Model\AuthRuleModel

[ 2018-01-19T18:39:33+08:00 ] ::1 /htdocs/index.php?g=Admin&m=Menu&a=index
NOTIC: D方法实例化没找到模型类Common\Model\AuthRuleModel

[ 2018-01-19T18:39:41+08:00 ] ::1 /htdocs/index.php?g=Admin&m=Menu&a=index
NOTIC: D方法实例化没找到模型类Common\Model\AuthRuleModel

[ 2018-01-19T18:40:13+08:00 ] ::1 /htdocs/index.php?g=&m=Rbac&a=authorize&id=14
NOTIC: D方法实例化没找到模型类Common\Model\AuthAccessModel

[ 2018-01-19T18:40:43+08:00 ] ::1 /htdocs/index.php?g=&m=rbac&a=authorize_post
INFO: [ app_begin ] --START--
INFO: Run Behavior\ReadHtmlCacheBehavior [ RunTime:0.000000s ]
INFO: Run Behavior\CheckLangBehavior [ RunTime:0.002001s ]
INFO: Run Common\Behavior\UrldecodeGetBehavior [ RunTime:0.001000s ]
INFO: [ app_begin ] --END-- [ RunTime:0.005001s ]
INFO: [ admin_begin ] --START--
INFO: Run Common\Behavior\AdminDefaultLangBehavior [ RunTime:0.003000s ]
INFO: [ admin_begin ] --END-- [ RunTime:0.003000s ]
SQL: SHOW COLUMNS FROM `yds_users` [ RunTime:0.0020s ]
SQL: SELECT * FROM `yds_users` WHERE `id` = '1' LIMIT 1   [ RunTime:0.0000s ]
SQL: SHOW COLUMNS FROM `yds_role` [ RunTime:0.0010s ]
NOTIC: D方法实例化没找到模型类Common\Model\AuthAccessModel
SQL: SHOW COLUMNS FROM `yds_auth_access` [ RunTime:0.0010s ]
SQL: SHOW COLUMNS FROM `yds_menu` [ RunTime:0.0010s ]
SQL: SHOW COLUMNS FROM `yds_auth_rule` [ RunTime:0.0010s ]
SQL: DELETE FROM `yds_auth_access` WHERE `role_id` = 14 AND `type` = 'admin_url' [ RunTime:0.0800s ]
SQL: SELECT `app`,`model`,`action` FROM `yds_menu` WHERE `id` = 1 LIMIT 1   [ RunTime:0.0120s ]
SQL: INSERT INTO `yds_auth_access` (`role_id`,`rule_name`,`type`) VALUES ('14','admin/content/default','admin_url') [ RunTime:0.0340s ]
SQL: SELECT `app`,`model`,`action` FROM `yds_menu` WHERE `id` = 2 LIMIT 1   [ RunTime:0.0010s ]
SQL: INSERT INTO `yds_auth_access` (`role_id`,`rule_name`,`type`) VALUES ('14','api/guestbookadmin/index','admin_url') [ RunTime:0.0010s ]
SQL: SELECT `app`,`model`,`action` FROM `yds_menu` WHERE `id` = 3 LIMIT 1   [ RunTime:0.0000s ]
SQL: INSERT INTO `yds_auth_access` (`role_id`,`rule_name`,`type`) VALUES ('14','api/guestbookadmin/delete','admin_url') [ RunTime:0.0010s ]
SQL: SELECT `app`,`model`,`action` FROM `yds_menu` WHERE `id` = 4 LIMIT 1   [ RunTime:0.0010s ]
SQL: INSERT INTO `yds_auth_access` (`role_id`,`rule_name`,`type`) VALUES ('14','comment/commentadmin/index','admin_url') [ RunTime:0.0010s ]
SQL: SELECT `app`,`model`,`action` FROM `yds_menu` WHERE `id` = 5 LIMIT 1   [ RunTime:0.0000s ]
SQL: INSERT INTO `yds_auth_access` (`role_id`,`rule_name`,`type`) VALUES ('14','comment/commentadmin/delete','admin_url') [ RunTime:0.0000s ]
SQL: SELECT `app`,`model`,`action` FROM `yds_menu` WHERE `id` = 6 LIMIT 1   [ RunTime:0.0010s ]
SQL: INSERT INTO `yds_auth_access` (`role_id`,`rule_name`,`type`) VALUES ('14','comment/commentadmin/check','admin_url') [ RunTime:0.0010s ]
SQL: SELECT `app`,`model`,`action` FROM `yds_menu` WHERE `id` = 7 LIMIT 1   [ RunTime:0.0000s ]
SQL: INSERT INTO `yds_auth_access` (`role_id`,`rule_name`,`type`) VALUES ('14','portal/adminpost/index','admin_url') [ RunTime:0.0000s ]
SQL: SELECT `app`,`model`,`action` FROM `yds_menu` WHERE `id` = 8 LIMIT 1   [ RunTime:0.0000s ]
SQL: INSERT INTO `yds_auth_access` (`role_id`,`rule_name`,`type`) VALUES ('14','portal/adminpost/listorders','admin_url') [ RunTime:0.0000s ]
SQL: SELECT `app`,`model`,`action` FROM `yds_menu` WHERE `id` = 9 LIMIT 1   [ RunTime:0.0010s ]
SQL: INSERT INTO `yds_auth_access` (`role_id`,`rule_name`,`type`) VALUES ('14','portal/adminpost/top','admin_url') [ RunTime:0.0010s ]
SQL: SELECT `app`,`model`,`action` FROM `yds_menu` WHERE `id` = 10 LIMIT 1   [ RunTime:0.0000s ]
SQL: INSERT INTO `yds_auth_access` (`role_id`,`rule_name`,`type`) VALUES ('14','portal/adminpost/recommend','admin_url') [ RunTime:0.0000s ]
SQL: SELECT `app`,`model`,`action` FROM `yds_menu` WHERE `id` = 11 LIMIT 1   [ RunTime:0.0000s ]
SQL: INSERT INTO `yds_auth_access` (`role_id`,`rule_name`,`type`) VALUES ('14','portal/adminpost/move','admin_url') [ RunTime:0.0010s ]
SQL: SELECT `app`,`model`,`action` FROM `yds_menu` WHERE `id` = 12 LIMIT 1   [ RunTime:0.0000s ]
SQL: INSERT INTO `yds_auth_access` (`role_id`,`rule_name`,`type`) VALUES ('14','portal/adminpost/check','admin_url') [ RunTime:0.0010s ]
SQL: SELECT `app`,`model`,`action` FROM `yds_menu` WHERE `id` = 13 LIMIT 1   [ RunTime:0.0010s ]
SQL: INSERT INTO `yds_auth_access` (`role_id`,`rule_name`,`type`) VALUES ('14','portal/adminpost/delete','admin_url') [ RunTime:0.0010s ]
SQL: SELECT `app`,`model`,`action` FROM `yds_menu` WHERE `id` = 14 LIMIT 1   [ RunTime:0.0010s ]
SQL: INSERT INTO `yds_auth_access` (`role_id`,`rule_name`,`type`) VALUES ('14','portal/adminpost/edit','admin_url') [ RunTime:0.0010s ]
SQL: SELECT `app`,`model`,`action` FROM `yds_menu` WHERE `id` = 15 LIMIT 1   [ RunTime:0.0010s ]
SQL: INSERT INTO `yds_auth_access` (`role_id`,`rule_name`,`type`) VALUES ('14','portal/adminpost/edit_post','admin_url') [ RunTime:0.0010s ]
SQL: SELECT `app`,`model`,`action` FROM `yds_menu` WHERE `id` = 16 LIMIT 1   [ RunTime:0.0010s ]
SQL: INSERT INTO `yds_auth_access` (`role_id`,`rule_name`,`type`) VALUES ('14','portal/adminpost/add','admin_url') [ RunTime:0.0010s ]
SQL: SELECT `app`,`model`,`action` FROM `yds_menu` WHERE `id` = 17 LIMIT 1   [ RunTime:0.0010s ]
SQL: INSERT INTO `yds_auth_access` (`role_id`,`rule_name`,`type`) VALUES ('14','portal/adminpost/add_post','admin_url') [ RunTime:0.0010s ]
SQL: SELECT `app`,`model`,`action` FROM `yds_menu` WHERE `id` = 169 LIMIT 1   [ RunTime:0.0000s ]
SQL: INSERT INTO `yds_auth_access` (`role_id`,`rule_name`,`type`) VALUES ('14','portal/adminpost/copy','admin_url') [ RunTime:0.0000s ]
SQL: SELECT `app`,`model`,`action` FROM `yds_menu` WHERE `id` = 18 LIMIT 1   [ RunTime:0.0000s ]
SQL: INSERT INTO `yds_auth_access` (`role_id`,`rule_name`,`type`) VALUES ('14','portal/adminterm/index','admin_url') [ RunTime:0.0000s ]
SQL: SELECT `app`,`model`,`action` FROM `yds_menu` WHERE `id` = 19 LIMIT 1   [ RunTime:0.0000s ]
SQL: INSERT INTO `yds_auth_access` (`role_id`,`rule_name`,`type`) VALUES ('14','portal/adminterm/listorders','admin_url') [ RunTime:0.0000s ]
SQL: SELECT `app`,`model`,`action` FROM `yds_menu` WHERE `id` = 20 LIMIT 1   [ RunTime:0.0010s ]
SQL: INSERT INTO `yds_auth_access` (`role_id`,`rule_name`,`type`) VALUES ('14','portal/adminterm/delete','admin_url') [ RunTime:0.0000s ]
SQL: SELECT `app`,`model`,`action` FROM `yds_menu` WHERE `id` = 21 LIMIT 1   [ RunTime:0.0000s ]
SQL: INSERT INTO `yds_auth_access` (`role_id`,`rule_name`,`type`) VALUES ('14','portal/adminterm/edit','admin_url') [ RunTime:0.0000s ]
SQL: SELECT `app`,`model`,`action` FROM `yds_menu` WHERE `id` = 22 LIMIT 1   [ RunTime:0.0000s ]
SQL: INSERT INTO `yds_auth_access` (`role_id`,`rule_name`,`type`) VALUES ('14','portal/adminterm/edit_post','admin_url') [ RunTime:0.0000s ]
SQL: SELECT `app`,`model`,`action` FROM `yds_menu` WHERE `id` = 23 LIMIT 1   [ RunTime:0.0000s ]
SQL: INSERT INTO `yds_auth_access` (`role_id`,`rule_name`,`type`) VALUES ('14','portal/adminterm/add','admin_url') [ RunTime:0.0000s ]
SQL: SELECT `app`,`model`,`action` FROM `yds_menu` WHERE `id` = 24 LIMIT 1   [ RunTime:0.0000s ]
SQL: INSERT INTO `yds_auth_access` (`role_id`,`rule_name`,`type`) VALUES ('14','portal/adminterm/add_post','admin_url') [ RunTime:0.0010s ]
SQL: SELECT `app`,`model`,`action` FROM `yds_menu` WHERE `id` = 25 LIMIT 1   [ RunTime:0.0010s ]
SQL: INSERT INTO `yds_auth_access` (`role_id`,`rule_name`,`type`) VALUES ('14','portal/adminpage/index','admin_url') [ RunTime:0.0000s ]
SQL: SELECT `app`,`model`,`action` FROM `yds_menu` WHERE `id` = 26 LIMIT 1   [ RunTime:0.0000s ]
SQL: INSERT INTO `yds_auth_access` (`role_id`,`rule_name`,`type`) VALUES ('14','portal/adminpage/listorders','admin_url') [ RunTime:0.0000s ]
SQL: SELECT `app`,`model`,`action` FROM `yds_menu` WHERE `id` = 27 LIMIT 1   [ RunTime:0.0000s ]
SQL: INSERT INTO `yds_auth_access` (`role_id`,`rule_name`,`type`) VALUES ('14','portal/adminpage/delete','admin_url') [ RunTime:0.0000s ]
SQL: SELECT `app`,`model`,`action` FROM `yds_menu` WHERE `id` = 28 LIMIT 1   [ RunTime:0.0010s ]
SQL: INSERT INTO `yds_auth_access` (`role_id`,`rule_name`,`type`) VALUES ('14','portal/adminpage/edit','admin_url') [ RunTime:0.0000s ]
SQL: SELECT `app`,`model`,`action` FROM `yds_menu` WHERE `id` = 29 LIMIT 1   [ RunTime:0.0000s ]
SQL: INSERT INTO `yds_auth_access` (`role_id`,`rule_name`,`type`) VALUES ('14','portal/adminpage/edit_post','admin_url') [ RunTime:0.0000s ]
SQL: SELECT `app`,`model`,`action` FROM `yds_menu` WHERE `id` = 30 LIMIT 1   [ RunTime:0.0000s ]
SQL: INSERT INTO `yds_auth_access` (`role_id`,`rule_name`,`type`) VALUES ('14','portal/adminpage/add','admin_url') [ RunTime:0.0000s ]
SQL: SELECT `app`,`model`,`action` FROM `yds_menu` WHERE `id` = 31 LIMIT 1   [ RunTime:0.0000s ]
SQL: INSERT INTO `yds_auth_access` (`role_id`,`rule_name`,`type`) VALUES ('14','portal/adminpage/add_post','admin_url') [ RunTime:0.0000s ]
SQL: SELECT `app`,`model`,`action` FROM `yds_menu` WHERE `id` = 32 LIMIT 1   [ RunTime:0.0000s ]
SQL: INSERT INTO `yds_auth_access` (`role_id`,`rule_name`,`type`) VALUES ('14','admin/recycle/default','admin_url') [ RunTime:0.0000s ]
SQL: SELECT `app`,`model`,`action` FROM `yds_menu` WHERE `id` = 33 LIMIT 1   [ RunTime:0.0000s ]
SQL: INSERT INTO `yds_auth_access` (`role_id`,`rule_name`,`type`) VALUES ('14','portal/adminpost/recyclebin','admin_url') [ RunTime:0.0000s ]
SQL: SELECT `app`,`model`,`action` FROM `yds_menu` WHERE `id` = 34 LIMIT 1   [ RunTime:0.0010s ]
SQL: INSERT INTO `yds_auth_access` (`role_id`,`rule_name`,`type`) VALUES ('14','portal/adminpost/restore','admin_url') [ RunTime:0.0000s ]
SQL: SELECT `app`,`model`,`action` FROM `yds_menu` WHERE `id` = 35 LIMIT 1   [ RunTime:0.0010s ]
SQL: INSERT INTO `yds_auth_access` (`role_id`,`rule_name`,`type`) VALUES ('14','portal/adminpost/clean','admin_url') [ RunTime:0.0000s ]
SQL: SELECT `app`,`model`,`action` FROM `yds_menu` WHERE `id` = 36 LIMIT 1   [ RunTime:0.0000s ]
SQL: INSERT INTO `yds_auth_access` (`role_id`,`rule_name`,`type`) VALUES ('14','portal/adminpage/recyclebin','admin_url') [ RunTime:0.0000s ]
SQL: SELECT `app`,`model`,`action` FROM `yds_menu` WHERE `id` = 37 LIMIT 1   [ RunTime:0.0000s ]
SQL: INSERT INTO `yds_auth_access` (`role_id`,`rule_name`,`type`) VALUES ('14','portal/adminpage/clean','admin_url') [ RunTime:0.0000s ]
SQL: SELECT `app`,`model`,`action` FROM `yds_menu` WHERE `id` = 38 LIMIT 1   [ RunTime:0.0000s ]
SQL: INSERT INTO `yds_auth_access` (`role_id`,`rule_name`,`type`) VALUES ('14','portal/adminpage/restore','admin_url') [ RunTime:0.0000s ]
SQL: SELECT `app`,`model`,`action` FROM `yds_menu` WHERE `id` = 39 LIMIT 1   [ RunTime:0.0000s ]
SQL: INSERT INTO `yds_auth_access` (`role_id`,`rule_name`,`type`) VALUES ('14','admin/extension/default','admin_url') [ RunTime:0.0000s ]
SQL: SELECT `app`,`model`,`action` FROM `yds_menu` WHERE `id` = 40 LIMIT 1   [ RunTime:0.0000s ]
SQL: INSERT INTO `yds_auth_access` (`role_id`,`rule_name`,`type`) VALUES ('14','admin/backup/default','admin_url') [ RunTime:0.0010s ]
SQL: SELECT `app`,`model`,`action` FROM `yds_menu` WHERE `id` = 41 LIMIT 1   [ RunTime:0.0010s ]
SQL: INSERT INTO `yds_auth_access` (`role_id`,`rule_name`,`type`) VALUES ('14','admin/backup/restore','admin_url') [ RunTime:0.0000s ]
SQL: SELECT `app`,`model`,`action` FROM `yds_menu` WHERE `id` = 42 LIMIT 1   [ RunTime:0.0000s ]
SQL: INSERT INTO `yds_auth_access` (`role_id`,`rule_name`,`type`) VALUES ('14','admin/backup/index','admin_url') [ RunTime:0.0000s ]
SQL: SELECT `app`,`model`,`action` FROM `yds_menu` WHERE `id` = 43 LIMIT 1   [ RunTime:0.0000s ]
SQL: INSERT INTO `yds_auth_access` (`role_id`,`rule_name`,`type`) VALUES ('14','admin/backup/index_post','admin_url') [ RunTime:0.0000s ]
SQL: SELECT `app`,`model`,`action` FROM `yds_menu` WHERE `id` = 44 LIMIT 1   [ RunTime:0.0010s ]
SQL: INSERT INTO `yds_auth_access` (`role_id`,`rule_name`,`type`) VALUES ('14','admin/backup/download','admin_url') [ RunTime:0.0010s ]
SQL: SELECT `app`,`model`,`action` FROM `yds_menu` WHERE `id` = 45 LIMIT 1   [ RunTime:0.0010s ]
SQL: INSERT INTO `yds_auth_access` (`role_id`,`rule_name`,`type`) VALUES ('14','admin/backup/del_backup','admin_url') [ RunTime:0.0010s ]
SQL: SELECT `app`,`model`,`action` FROM `yds_menu` WHERE `id` = 46 LIMIT 1   [ RunTime:0.0000s ]
SQL: INSERT INTO `yds_auth_access` (`role_id`,`rule_name`,`type`) VALUES ('14','admin/backup/import','admin_url') [ RunTime:0.0000s ]
SQL: SELECT `app`,`model`,`action` FROM `yds_menu` WHERE `id` = 47 LIMIT 1   [ RunTime:0.0000s ]
SQL: INSERT INTO `yds_auth_access` (`role_id`,`rule_name`,`type`) VALUES ('14','admin/plugin/index','admin_url') [ RunTime:0.0000s ]
SQL: SELECT `app`,`model`,`action` FROM `yds_menu` WHERE `id` = 48 LIMIT 1   [ RunTime:0.0000s ]
SQL: INSERT INTO `yds_auth_access` (`role_id`,`rule_name`,`type`) VALUES ('14','admin/plugin/toggle','admin_url') [ RunTime:0.0000s ]
SQL: SELECT `app`,`model`,`action` FROM `yds_menu` WHERE `id` = 49 LIMIT 1   [ RunTime:0.0000s ]
SQL: INSERT INTO `yds_auth_access` (`role_id`,`rule_name`,`type`) VALUES ('14','admin/plugin/setting','admin_url') [ RunTime:0.0000s ]
SQL: SELECT `app`,`model`,`action` FROM `yds_menu` WHERE `id` = 50 LIMIT 1   [ RunTime:0.0000s ]
SQL: INSERT INTO `yds_auth_access` (`role_id`,`rule_name`,`type`) VALUES ('14','admin/plugin/setting_post','admin_url') [ RunTime:0.0000s ]
SQL: SELECT `app`,`model`,`action` FROM `yds_menu` WHERE `id` = 51 LIMIT 1   [ RunTime:0.0000s ]
SQL: INSERT INTO `yds_auth_access` (`role_id`,`rule_name`,`type`) VALUES ('14','admin/plugin/install','admin_url') [ RunTime:0.0000s ]
SQL: SELECT `app`,`model`,`action` FROM `yds_menu` WHERE `id` = 52 LIMIT 1   [ RunTime:0.0000s ]
SQL: INSERT INTO `yds_auth_access` (`role_id`,`rule_name`,`type`) VALUES ('14','admin/plugin/uninstall','admin_url') [ RunTime:0.0010s ]
SQL: SELECT `app`,`model`,`action` FROM `yds_menu` WHERE `id` = 155 LIMIT 1   [ RunTime:0.0010s ]
SQL: INSERT INTO `yds_auth_access` (`role_id`,`rule_name`,`type`) VALUES ('14','admin/plugin/update','admin_url') [ RunTime:0.0000s ]
SQL: SELECT `app`,`model`,`action` FROM `yds_menu` WHERE `id` = 53 LIMIT 1   [ RunTime:0.0000s ]
SQL: INSERT INTO `yds_auth_access` (`role_id`,`rule_name`,`type`) VALUES ('14','admin/slide/default','admin_url') [ RunTime:0.0000s ]
SQL: SELECT `app`,`model`,`action` FROM `yds_menu` WHERE `id` = 54 LIMIT 1   [ RunTime:0.0000s ]
SQL: INSERT INTO `yds_auth_access` (`role_id`,`rule_name`,`type`) VALUES ('14','admin/slide/index','admin_url') [ RunTime:0.0000s ]
SQL: SELECT `app`,`model`,`action` FROM `yds_menu` WHERE `id` = 55 LIMIT 1   [ RunTime:0.0000s ]
SQL: INSERT INTO `yds_auth_access` (`role_id`,`rule_name`,`type`) VALUES ('14','admin/slide/listorders','admin_url') [ RunTime:0.0000s ]
SQL: SELECT `app`,`model`,`action` FROM `yds_menu` WHERE `id` = 56 LIMIT 1   [ RunTime:0.0000s ]
SQL: INSERT INTO `yds_auth_access` (`role_id`,`rule_name`,`type`) VALUES ('14','admin/slide/toggle','admin_url') [ RunTime:0.0000s ]
SQL: SELECT `app`,`model`,`action` FROM `yds_menu` WHERE `id` = 57 LIMIT 1   [ RunTime:0.0000s ]
SQL: INSERT INTO `yds_auth_access` (`role_id`,`rule_name`,`type`) VALUES ('14','admin/slide/delete','admin_url') [ RunTime:0.0010s ]
SQL: SELECT `app`,`model`,`action` FROM `yds_menu` WHERE `id` = 58 LIMIT 1   [ RunTime:0.0000s ]
SQL: INSERT INTO `yds_auth_access` (`role_id`,`rule_name`,`type`) VALUES ('14','admin/slide/edit','admin_url') [ RunTime:0.0000s ]
SQL: SELECT `app`,`model`,`action` FROM `yds_menu` WHERE `id` = 59 LIMIT 1   [ RunTime:0.0000s ]
SQL: INSERT INTO `yds_auth_access` (`role_id`,`rule_name`,`type`) VALUES ('14','admin/slide/edit_post','admin_url') [ RunTime:0.0000s ]
SQL: SELECT `app`,`model`,`action` FROM `yds_menu` WHERE `id` = 60 LIMIT 1   [ RunTime:0.0000s ]
SQL: INSERT INTO `yds_auth_access` (`role_id`,`rule_name`,`type`) VALUES ('14','admin/slide/add','admin_url') [ RunTime:0.0000s ]
SQL: SELECT `app`,`model`,`action` FROM `yds_menu` WHERE `id` = 61 LIMIT 1   [ RunTime:0.0010s ]
SQL: INSERT INTO `yds_auth_access` (`role_id`,`rule_name`,`type`) VALUES ('14','admin/slide/add_post','admin_url') [ RunTime:0.0000s ]
SQL: SELECT `app`,`model`,`action` FROM `yds_menu` WHERE `id` = 158 LIMIT 1   [ RunTime:0.0000s ]
SQL: INSERT INTO `yds_auth_access` (`role_id`,`rule_name`,`type`) VALUES ('14','admin/slide/ban','admin_url') [ RunTime:0.0000s ]
SQL: SELECT `app`,`model`,`action` FROM `yds_menu` WHERE `id` = 159 LIMIT 1   [ RunTime:0.0000s ]
SQL: INSERT INTO `yds_auth_access` (`role_id`,`rule_name`,`type`) VALUES ('14','admin/slide/cancelban','admin_url') [ RunTime:0.0010s ]
SQL: SELECT `app`,`model`,`action` FROM `yds_menu` WHERE `id` = 62 LIMIT 1   [ RunTime:0.0000s ]
SQL: INSERT INTO `yds_auth_access` (`role_id`,`rule_name`,`type`) VALUES ('14','admin/slidecat/index','admin_url') [ RunTime:0.0000s ]
SQL: SELECT `app`,`model`,`action` FROM `yds_menu` WHERE `id` = 63 LIMIT 1   [ RunTime:0.0000s ]
SQL: INSERT INTO `yds_auth_access` (`role_id`,`rule_name`,`type`) VALUES ('14','admin/slidecat/delete','admin_url') [ RunTime:0.0010s ]
SQL: SELECT `app`,`model`,`action` FROM `yds_menu` WHERE `id` = 64 LIMIT 1   [ RunTime:0.0010s ]
SQL: INSERT INTO `yds_auth_access` (`role_id`,`rule_name`,`type`) VALUES ('14','admin/slidecat/edit','admin_url') [ RunTime:0.0010s ]
SQL: SELECT `app`,`model`,`action` FROM `yds_menu` WHERE `id` = 65 LIMIT 1   [ RunTime:0.0000s ]
SQL: INSERT INTO `yds_auth_access` (`role_id`,`rule_name`,`type`) VALUES ('14','admin/slidecat/edit_post','admin_url') [ RunTime:0.0000s ]
SQL: SELECT `app`,`model`,`action` FROM `yds_menu` WHERE `id` = 66 LIMIT 1   [ RunTime:0.0000s ]
SQL: INSERT INTO `yds_auth_access` (`role_id`,`rule_name`,`type`) VALUES ('14','admin/slidecat/add','admin_url') [ RunTime:0.0000s ]
SQL: SELECT `app`,`model`,`action` FROM `yds_menu` WHERE `id` = 67 LIMIT 1   [ RunTime:0.0000s ]
SQL: INSERT INTO `yds_auth_access` (`role_id`,`rule_name`,`type`) VALUES ('14','admin/slidecat/add_post','admin_url') [ RunTime:0.0010s ]
SQL: SELECT `app`,`model`,`action` FROM `yds_menu` WHERE `id` = 68 LIMIT 1   [ RunTime:0.0000s ]
SQL: INSERT INTO `yds_auth_access` (`role_id`,`rule_name`,`type`) VALUES ('14','admin/ad/index','admin_url') [ RunTime:0.0000s ]
SQL: SELECT `app`,`model`,`action` FROM `yds_menu` WHERE `id` = 69 LIMIT 1   [ RunTime:0.0000s ]
SQL: INSERT INTO `yds_auth_access` (`role_id`,`rule_name`,`type`) VALUES ('14','admin/ad/toggle','admin_url') [ RunTime:0.0000s ]
SQL: SELECT `app`,`model`,`action` FROM `yds_menu` WHERE `id` = 70 LIMIT 1   [ RunTime:0.0000s ]
SQL: INSERT INTO `yds_auth_access` (`role_id`,`rule_name`,`type`) VALUES ('14','admin/ad/delete','admin_url') [ RunTime:0.0000s ]
SQL: SELECT `app`,`model`,`action` FROM `yds_menu` WHERE `id` = 71 LIMIT 1   [ RunTime:0.0000s ]
SQL: INSERT INTO `yds_auth_access` (`role_id`,`rule_name`,`type`) VALUES ('14','admin/ad/edit','admin_url') [ RunTime:0.0000s ]
SQL: SELECT `app`,`model`,`action` FROM `yds_menu` WHERE `id` = 72 LIMIT 1   [ RunTime:0.0000s ]
SQL: INSERT INTO `yds_auth_access` (`role_id`,`rule_name`,`type`) VALUES ('14','admin/ad/edit_post','admin_url') [ RunTime:0.0000s ]
SQL: SELECT `app`,`model`,`action` FROM `yds_menu` WHERE `id` = 73 LIMIT 1   [ RunTime:0.0010s ]
SQL: INSERT INTO `yds_auth_access` (`role_id`,`rule_name`,`type`) VALUES ('14','admin/ad/add','admin_url') [ RunTime:0.0000s ]
SQL: SELECT `app`,`model`,`action` FROM `yds_menu` WHERE `id` = 74 LIMIT 1   [ RunTime:0.0000s ]
SQL: INSERT INTO `yds_auth_access` (`role_id`,`rule_name`,`type`) VALUES ('14','admin/ad/add_post','admin_url') [ RunTime:0.0000s ]
SQL: SELECT `app`,`model`,`action` FROM `yds_menu` WHERE `id` = 75 LIMIT 1   [ RunTime:0.0000s ]
SQL: INSERT INTO `yds_auth_access` (`role_id`,`rule_name`,`type`) VALUES ('14','admin/link/index','admin_url') [ RunTime:0.0000s ]
SQL: SELECT `app`,`model`,`action` FROM `yds_menu` WHERE `id` = 76 LIMIT 1   [ RunTime:0.0000s ]
SQL: INSERT INTO `yds_auth_access` (`role_id`,`rule_name`,`type`) VALUES ('14','admin/link/listorders','admin_url') [ RunTime:0.0000s ]
SQL: SELECT `app`,`model`,`action` FROM `yds_menu` WHERE `id` = 77 LIMIT 1   [ RunTime:0.0000s ]
SQL: INSERT INTO `yds_auth_access` (`role_id`,`rule_name`,`type`) VALUES ('14','admin/link/toggle','admin_url') [ RunTime:0.0000s ]
SQL: SELECT `app`,`model`,`action` FROM `yds_menu` WHERE `id` = 78 LIMIT 1   [ RunTime:0.0000s ]
SQL: INSERT INTO `yds_auth_access` (`role_id`,`rule_name`,`type`) VALUES ('14','admin/link/delete','admin_url') [ RunTime:0.0000s ]
SQL: SELECT `app`,`model`,`action` FROM `yds_menu` WHERE `id` = 79 LIMIT 1   [ RunTime:0.0000s ]
SQL: INSERT INTO `yds_auth_access` (`role_id`,`rule_name`,`type`) VALUES ('14','admin/link/edit','admin_url') [ RunTime:0.0010s ]
SQL: SELECT `app`,`model`,`action` FROM `yds_menu` WHERE `id` = 80 LIMIT 1   [ RunTime:0.0000s ]
SQL: INSERT INTO `yds_auth_access` (`role_id`,`rule_name`,`type`) VALUES ('14','admin/link/edit_post','admin_url') [ RunTime:0.0000s ]
SQL: SELECT `app`,`model`,`action` FROM `yds_menu` WHERE `id` = 81 LIMIT 1   [ RunTime:0.0000s ]
SQL: INSERT INTO `yds_auth_access` (`role_id`,`rule_name`,`type`) VALUES ('14','admin/link/add','admin_url') [ RunTime:0.0000s ]
SQL: SELECT `app`,`model`,`action` FROM `yds_menu` WHERE `id` = 82 LIMIT 1   [ RunTime:0.0010s ]
SQL: INSERT INTO `yds_auth_access` (`role_id`,`rule_name`,`type`) VALUES ('14','admin/link/add_post','admin_url') [ RunTime:0.0010s ]
SQL: SELECT `app`,`model`,`action` FROM `yds_menu` WHERE `id` = 83 LIMIT 1   [ RunTime:0.0000s ]
SQL: INSERT INTO `yds_auth_access` (`role_id`,`rule_name`,`type`) VALUES ('14','api/oauthadmin/setting','admin_url') [ RunTime:0.0000s ]
SQL: SELECT `app`,`model`,`action` FROM `yds_menu` WHERE `id` = 84 LIMIT 1   [ RunTime:0.0000s ]
SQL: INSERT INTO `yds_auth_access` (`role_id`,`rule_name`,`type`) VALUES ('14','api/oauthadmin/setting_post','admin_url') [ RunTime:0.0000s ]
SQL: SELECT `app`,`model`,`action` FROM `yds_menu` WHERE `id` = 85 LIMIT 1   [ RunTime:0.0000s ]
SQL: INSERT INTO `yds_auth_access` (`role_id`,`rule_name`,`type`) VALUES ('14','admin/menu/default','admin_url') [ RunTime:0.0000s ]
SQL: SELECT `app`,`model`,`action` FROM `yds_menu` WHERE `id` = 86 LIMIT 1   [ RunTime:0.0000s ]
SQL: INSERT INTO `yds_auth_access` (`role_id`,`rule_name`,`type`) VALUES ('14','admin/navcat/default1','admin_url') [ RunTime:0.0000s ]
SQL: SELECT `app`,`model`,`action` FROM `yds_menu` WHERE `id` = 87 LIMIT 1   [ RunTime:0.0000s ]
SQL: INSERT INTO `yds_auth_access` (`role_id`,`rule_name`,`type`) VALUES ('14','admin/nav/index','admin_url') [ RunTime:0.0000s ]
SQL: SELECT `app`,`model`,`action` FROM `yds_menu` WHERE `id` = 88 LIMIT 1   [ RunTime:0.0000s ]
SQL: INSERT INTO `yds_auth_access` (`role_id`,`rule_name`,`type`) VALUES ('14','admin/nav/listorders','admin_url') [ RunTime:0.0010s ]
SQL: SELECT `app`,`model`,`action` FROM `yds_menu` WHERE `id` = 89 LIMIT 1   [ RunTime:0.0010s ]
SQL: INSERT INTO `yds_auth_access` (`role_id`,`rule_name`,`type`) VALUES ('14','admin/nav/delete','admin_url') [ RunTime:0.0000s ]
SQL: SELECT `app`,`model`,`action` FROM `yds_menu` WHERE `id` = 90 LIMIT 1   [ RunTime:0.0000s ]
SQL: INSERT INTO `yds_auth_access` (`role_id`,`rule_name`,`type`) VALUES ('14','admin/nav/edit','admin_url') [ RunTime:0.0000s ]
SQL: SELECT `app`,`model`,`action` FROM `yds_menu` WHERE `id` = 91 LIMIT 1   [ RunTime:0.0000s ]
SQL: INSERT INTO `yds_auth_access` (`role_id`,`rule_name`,`type`) VALUES ('14','admin/nav/edit_post','admin_url') [ RunTime:0.0000s ]
SQL: SELECT `app`,`model`,`action` FROM `yds_menu` WHERE `id` = 92 LIMIT 1   [ RunTime:0.0000s ]
SQL: INSERT INTO `yds_auth_access` (`role_id`,`rule_name`,`type`) VALUES ('14','admin/nav/add','admin_url') [ RunTime:0.0000s ]
SQL: SELECT `app`,`model`,`action` FROM `yds_menu` WHERE `id` = 93 LIMIT 1   [ RunTime:0.0010s ]
SQL: INSERT INTO `yds_auth_access` (`role_id`,`rule_name`,`type`) VALUES ('14','admin/nav/add_post','admin_url') [ RunTime:0.0010s ]
SQL: SELECT `app`,`model`,`action` FROM `yds_menu` WHERE `id` = 94 LIMIT 1   [ RunTime:0.0000s ]
SQL: INSERT INTO `yds_auth_access` (`role_id`,`rule_name`,`type`) VALUES ('14','admin/navcat/index','admin_url') [ RunTime:0.0000s ]
SQL: SELECT `app`,`model`,`action` FROM `yds_menu` WHERE `id` = 95 LIMIT 1   [ RunTime:0.0000s ]
SQL: INSERT INTO `yds_auth_access` (`role_id`,`rule_name`,`type`) VALUES ('14','admin/navcat/delete','admin_url') [ RunTime:0.0000s ]
SQL: SELECT `app`,`model`,`action` FROM `yds_menu` WHERE `id` = 96 LIMIT 1   [ RunTime:0.0000s ]
SQL: INSERT INTO `yds_auth_access` (`role_id`,`rule_name`,`type`) VALUES ('14','admin/navcat/edit','admin_url') [ RunTime:0.0000s ]
SQL: SELECT `app`,`model`,`action` FROM `yds_menu` WHERE `id` = 97 LIMIT 1   [ RunTime:0.0010s ]
SQL: INSERT INTO `yds_auth_access` (`role_id`,`rule_name`,`type`) VALUES ('14','admin/navcat/edit_post','admin_url') [ RunTime:0.0010s ]
SQL: SELECT `app`,`model`,`action` FROM `yds_menu` WHERE `id` = 98 LIMIT 1   [ RunTime:0.0000s ]
SQL: INSERT INTO `yds_auth_access` (`role_id`,`rule_name`,`type`) VALUES ('14','admin/navcat/add','admin_url') [ RunTime:0.0010s ]
SQL: SELECT `app`,`model`,`action` FROM `yds_menu` WHERE `id` = 99 LIMIT 1   [ RunTime:0.0000s ]
SQL: INSERT INTO `yds_auth_access` (`role_id`,`rule_name`,`type`) VALUES ('14','admin/navcat/add_post','admin_url') [ RunTime:0.0000s ]
SQL: SELECT `app`,`model`,`action` FROM `yds_menu` WHERE `id` = 100 LIMIT 1   [ RunTime:0.0000s ]
SQL: INSERT INTO `yds_auth_access` (`role_id`,`rule_name`,`type`) VALUES ('14','admin/menu/index','admin_url') [ RunTime:0.0000s ]
SQL: SELECT `app`,`model`,`action` FROM `yds_menu` WHERE `id` = 101 LIMIT 1   [ RunTime:0.0000s ]
SQL: INSERT INTO `yds_auth_access` (`role_id`,`rule_name`,`type`) VALUES ('14','admin/menu/add','admin_url') [ RunTime:0.0000s ]
SQL: SELECT `app`,`model`,`action` FROM `yds_menu` WHERE `id` = 102 LIMIT 1   [ RunTime:0.0000s ]
SQL: INSERT INTO `yds_auth_access` (`role_id`,`rule_name`,`type`) VALUES ('14','admin/menu/add_post','admin_url') [ RunTime:0.0000s ]
SQL: SELECT `app`,`model`,`action` FROM `yds_menu` WHERE `id` = 103 LIMIT 1   [ RunTime:0.0000s ]
SQL: INSERT INTO `yds_auth_access` (`role_id`,`rule_name`,`type`) VALUES ('14','admin/menu/listorders','admin_url') [ RunTime:0.0000s ]
SQL: SELECT `app`,`model`,`action` FROM `yds_menu` WHERE `id` = 104 LIMIT 1   [ RunTime:0.0000s ]
SQL: INSERT INTO `yds_auth_access` (`role_id`,`rule_name`,`type`) VALUES ('14','admin/menu/export_menu','admin_url') [ RunTime:0.0010s ]
SQL: SELECT `app`,`model`,`action` FROM `yds_menu` WHERE `id` = 105 LIMIT 1   [ RunTime:0.0010s ]
SQL: INSERT INTO `yds_auth_access` (`role_id`,`rule_name`,`type`) VALUES ('14','admin/menu/edit','admin_url') [ RunTime:0.0000s ]
SQL: SELECT `app`,`model`,`action` FROM `yds_menu` WHERE `id` = 106 LIMIT 1   [ RunTime:0.0000s ]
SQL: INSERT INTO `yds_auth_access` (`role_id`,`rule_name`,`type`) VALUES ('14','admin/menu/edit_post','admin_url') [ RunTime:0.0000s ]
SQL: SELECT `app`,`model`,`action` FROM `yds_menu` WHERE `id` = 107 LIMIT 1   [ RunTime:0.0000s ]
SQL: INSERT INTO `yds_auth_access` (`role_id`,`rule_name`,`type`) VALUES ('14','admin/menu/delete','admin_url') [ RunTime:0.0000s ]
SQL: SELECT `app`,`model`,`action` FROM `yds_menu` WHERE `id` = 108 LIMIT 1   [ RunTime:0.0000s ]
SQL: INSERT INTO `yds_auth_access` (`role_id`,`rule_name`,`type`) VALUES ('14','admin/menu/lists','admin_url') [ RunTime:0.0000s ]
SQL: SELECT `app`,`model`,`action` FROM `yds_menu` WHERE `id` = 174 LIMIT 1   [ RunTime:0.0000s ]
SQL: INSERT INTO `yds_auth_access` (`role_id`,`rule_name`,`type`) VALUES ('14','admin/menu/backup_menu','admin_url') [ RunTime:0.0010s ]
SQL: SELECT `app`,`model`,`action` FROM `yds_menu` WHERE `id` = 175 LIMIT 1   [ RunTime:0.0000s ]
SQL: INSERT INTO `yds_auth_access` (`role_id`,`rule_name`,`type`) VALUES ('14','admin/menu/export_menu_lang','admin_url') [ RunTime:0.0000s ]
SQL: SELECT `app`,`model`,`action` FROM `yds_menu` WHERE `id` = 176 LIMIT 1   [ RunTime:0.0000s ]
SQL: INSERT INTO `yds_auth_access` (`role_id`,`rule_name`,`type`) VALUES ('14','admin/menu/restore_menu','admin_url') [ RunTime:0.0010s ]
SQL: SELECT `app`,`model`,`action` FROM `yds_menu` WHERE `id` = 177 LIMIT 1   [ RunTime:0.0000s ]
SQL: INSERT INTO `yds_auth_access` (`role_id`,`rule_name`,`type`) VALUES ('14','admin/menu/getactions','admin_url') [ RunTime:0.0000s ]
SQL: SELECT `app`,`model`,`action` FROM `yds_menu` WHERE `id` = 109 LIMIT 1   [ RunTime:0.0000s ]
SQL: INSERT INTO `yds_auth_access` (`role_id`,`rule_name`,`type`) VALUES ('14','admin/setting/default','admin_url') [ RunTime:0.0000s ]
SQL: SELECT `app`,`model`,`action` FROM `yds_menu` WHERE `id` = 110 LIMIT 1   [ RunTime:0.0000s ]
SQL: INSERT INTO `yds_auth_access` (`role_id`,`rule_name`,`type`) VALUES ('14','admin/setting/userdefault','admin_url') [ RunTime:0.0000s ]
SQL: SELECT `app`,`model`,`action` FROM `yds_menu` WHERE `id` = 111 LIMIT 1   [ RunTime:0.0000s ]
SQL: INSERT INTO `yds_auth_access` (`role_id`,`rule_name`,`type`) VALUES ('14','admin/user/userinfo','admin_url') [ RunTime:0.0010s ]
SQL: SELECT `app`,`model`,`action` FROM `yds_menu` WHERE `id` = 112 LIMIT 1   [ RunTime:0.0000s ]
SQL: INSERT INTO `yds_auth_access` (`role_id`,`rule_name`,`type`) VALUES ('14','admin/user/userinfo_post','admin_url') [ RunTime:0.0000s ]
SQL: SELECT `app`,`model`,`action` FROM `yds_menu` WHERE `id` = 113 LIMIT 1   [ RunTime:0.0000s ]
SQL: INSERT INTO `yds_auth_access` (`role_id`,`rule_name`,`type`) VALUES ('14','admin/setting/password','admin_url') [ RunTime:0.0000s ]
SQL: SELECT `app`,`model`,`action` FROM `yds_menu` WHERE `id` = 114 LIMIT 1   [ RunTime:0.0010s ]
SQL: INSERT INTO `yds_auth_access` (`role_id`,`rule_name`,`type`) VALUES ('14','admin/setting/password_post','admin_url') [ RunTime:0.0000s ]
SQL: SELECT `app`,`model`,`action` FROM `yds_menu` WHERE `id` = 115 LIMIT 1   [ RunTime:0.0000s ]
SQL: INSERT INTO `yds_auth_access` (`role_id`,`rule_name`,`type`) VALUES ('14','admin/setting/site','admin_url') [ RunTime:0.0000s ]
SQL: SELECT `app`,`model`,`action` FROM `yds_menu` WHERE `id` = 116 LIMIT 1   [ RunTime:0.0000s ]
SQL: INSERT INTO `yds_auth_access` (`role_id`,`rule_name`,`type`) VALUES ('14','admin/setting/site_post','admin_url') [ RunTime:0.0010s ]
SQL: SELECT `app`,`model`,`action` FROM `yds_menu` WHERE `id` = 117 LIMIT 1   [ RunTime:0.0000s ]
SQL: INSERT INTO `yds_auth_access` (`role_id`,`rule_name`,`type`) VALUES ('14','admin/route/index','admin_url') [ RunTime:0.0000s ]
SQL: SELECT `app`,`model`,`action` FROM `yds_menu` WHERE `id` = 118 LIMIT 1   [ RunTime:0.0000s ]
SQL: INSERT INTO `yds_auth_access` (`role_id`,`rule_name`,`type`) VALUES ('14','admin/route/add','admin_url') [ RunTime:0.0000s ]
SQL: SELECT `app`,`model`,`action` FROM `yds_menu` WHERE `id` = 119 LIMIT 1   [ RunTime:0.0000s ]
SQL: INSERT INTO `yds_auth_access` (`role_id`,`rule_name`,`type`) VALUES ('14','admin/route/add_post','admin_url') [ RunTime:0.0000s ]
SQL: SELECT `app`,`model`,`action` FROM `yds_menu` WHERE `id` = 120 LIMIT 1   [ RunTime:0.0000s ]
SQL: INSERT INTO `yds_auth_access` (`role_id`,`rule_name`,`type`) VALUES ('14','admin/route/edit','admin_url') [ RunTime:0.0000s ]
SQL: SELECT `app`,`model`,`action` FROM `yds_menu` WHERE `id` = 121 LIMIT 1   [ RunTime:0.0000s ]
SQL: INSERT INTO `yds_auth_access` (`role_id`,`rule_name`,`type`) VALUES ('14','admin/route/edit_post','admin_url') [ RunTime:0.0000s ]
SQL: SELECT `app`,`model`,`action` FROM `yds_menu` WHERE `id` = 122 LIMIT 1   [ RunTime:0.0000s ]
SQL: INSERT INTO `yds_auth_access` (`role_id`,`rule_name`,`type`) VALUES ('14','admin/route/delete','admin_url') [ RunTime:0.0000s ]
SQL: SELECT `app`,`model`,`action` FROM `yds_menu` WHERE `id` = 123 LIMIT 1   [ RunTime:0.0000s ]
SQL: INSERT INTO `yds_auth_access` (`role_id`,`rule_name`,`type`) VALUES ('14','admin/route/ban','admin_url') [ RunTime:0.0000s ]
SQL: SELECT `app`,`model`,`action` FROM `yds_menu` WHERE `id` = 124 LIMIT 1   [ RunTime:0.0000s ]
SQL: INSERT INTO `yds_auth_access` (`role_id`,`rule_name`,`type`) VALUES ('14','admin/route/open','admin_url') [ RunTime:0.0010s ]
SQL: SELECT `app`,`model`,`action` FROM `yds_menu` WHERE `id` = 125 LIMIT 1   [ RunTime:0.0000s ]
SQL: INSERT INTO `yds_auth_access` (`role_id`,`rule_name`,`type`) VALUES ('14','admin/route/listorders','admin_url') [ RunTime:0.0000s ]
SQL: SELECT `app`,`model`,`action` FROM `yds_menu` WHERE `id` = 126 LIMIT 1   [ RunTime:0.0000s ]
SQL: INSERT INTO `yds_auth_access` (`role_id`,`rule_name`,`type`) VALUES ('14','admin/mailer/default','admin_url') [ RunTime:0.0000s ]
SQL: SELECT `app`,`model`,`action` FROM `yds_menu` WHERE `id` = 127 LIMIT 1   [ RunTime:0.0000s ]
SQL: INSERT INTO `yds_auth_access` (`role_id`,`rule_name`,`type`) VALUES ('14','admin/mailer/index','admin_url') [ RunTime:0.0000s ]
SQL: SELECT `app`,`model`,`action` FROM `yds_menu` WHERE `id` = 128 LIMIT 1   [ RunTime:0.0010s ]
SQL: INSERT INTO `yds_auth_access` (`role_id`,`rule_name`,`type`) VALUES ('14','admin/mailer/index_post','admin_url') [ RunTime:0.0010s ]
SQL: SELECT `app`,`model`,`action` FROM `yds_menu` WHERE `id` = 166 LIMIT 1   [ RunTime:0.0010s ]
SQL: INSERT INTO `yds_auth_access` (`role_id`,`rule_name`,`type`) VALUES ('14','admin/mailer/test','admin_url') [ RunTime:0.0000s ]
SQL: SELECT `app`,`model`,`action` FROM `yds_menu` WHERE `id` = 129 LIMIT 1   [ RunTime:0.0000s ]
SQL: INSERT INTO `yds_auth_access` (`role_id`,`rule_name`,`type`) VALUES ('14','admin/mailer/active','admin_url') [ RunTime:0.0000s ]
SQL: SELECT `app`,`model`,`action` FROM `yds_menu` WHERE `id` = 130 LIMIT 1   [ RunTime:0.0000s ]
SQL: INSERT INTO `yds_auth_access` (`role_id`,`rule_name`,`type`) VALUES ('14','admin/mailer/active_post','admin_url') [ RunTime:0.0000s ]
SQL: SELECT `app`,`model`,`action` FROM `yds_menu` WHERE `id` = 131 LIMIT 1   [ RunTime:0.0000s ]
SQL: INSERT INTO `yds_auth_access` (`role_id`,`rule_name`,`type`) VALUES ('14','admin/setting/clearcache','admin_url') [ RunTime:0.0000s ]
SQL: SELECT `app`,`model`,`action` FROM `yds_menu` WHERE `id` = 156 LIMIT 1   [ RunTime:0.0000s ]
SQL: INSERT INTO `yds_auth_access` (`role_id`,`rule_name`,`type`) VALUES ('14','admin/storage/index','admin_url') [ RunTime:0.0000s ]
SQL: SELECT `app`,`model`,`action` FROM `yds_menu` WHERE `id` = 157 LIMIT 1   [ RunTime:0.0000s ]
SQL: INSERT INTO `yds_auth_access` (`role_id`,`rule_name`,`type`) VALUES ('14','admin/storage/setting_post','admin_url') [ RunTime:0.0010s ]
SQL: SELECT `app`,`model`,`action` FROM `yds_menu` WHERE `id` = 167 LIMIT 1   [ RunTime:0.0000s ]
SQL: INSERT INTO `yds_auth_access` (`role_id`,`rule_name`,`type`) VALUES ('14','admin/setting/upload','admin_url') [ RunTime:0.0000s ]
SQL: SELECT `app`,`model`,`action` FROM `yds_menu` WHERE `id` = 168 LIMIT 1   [ RunTime:0.0000s ]
SQL: INSERT INTO `yds_auth_access` (`role_id`,`rule_name`,`type`) VALUES ('14','admin/setting/upload_post','admin_url') [ RunTime:0.0000s ]
SQL: SELECT `app`,`model`,`action` FROM `yds_menu` WHERE `id` = 132 LIMIT 1   [ RunTime:0.0000s ]
SQL: INSERT INTO `yds_auth_access` (`role_id`,`rule_name`,`type`) VALUES ('14','user/indexadmin/default','admin_url') [ RunTime:0.0000s ]
SQL: SELECT `app`,`model`,`action` FROM `yds_menu` WHERE `id` = 133 LIMIT 1   [ RunTime:0.0010s ]
SQL: INSERT INTO `yds_auth_access` (`role_id`,`rule_name`,`type`) VALUES ('14','user/indexadmin/default1','admin_url') [ RunTime:0.0010s ]
SQL: SELECT `app`,`model`,`action` FROM `yds_menu` WHERE `id` = 134 LIMIT 1   [ RunTime:0.0010s ]
SQL: INSERT INTO `yds_auth_access` (`role_id`,`rule_name`,`type`) VALUES ('14','user/indexadmin/index','admin_url') [ RunTime:0.0010s ]
SQL: SELECT `app`,`model`,`action` FROM `yds_menu` WHERE `id` = 135 LIMIT 1   [ RunTime:0.0000s ]
SQL: INSERT INTO `yds_auth_access` (`role_id`,`rule_name`,`type`) VALUES ('14','user/indexadmin/ban','admin_url') [ RunTime:0.0000s ]
SQL: SELECT `app`,`model`,`action` FROM `yds_menu` WHERE `id` = 136 LIMIT 1   [ RunTime:0.0000s ]
SQL: INSERT INTO `yds_auth_access` (`role_id`,`rule_name`,`type`) VALUES ('14','user/indexadmin/cancelban','admin_url') [ RunTime:0.0000s ]
SQL: SELECT `app`,`model`,`action` FROM `yds_menu` WHERE `id` = 137 LIMIT 1   [ RunTime:0.0000s ]
SQL: INSERT INTO `yds_auth_access` (`role_id`,`rule_name`,`type`) VALUES ('14','user/oauthadmin/index','admin_url') [ RunTime:0.0000s ]
SQL: SELECT `app`,`model`,`action` FROM `yds_menu` WHERE `id` = 138 LIMIT 1   [ RunTime:0.0010s ]
SQL: INSERT INTO `yds_auth_access` (`role_id`,`rule_name`,`type`) VALUES ('14','user/oauthadmin/delete','admin_url') [ RunTime:0.0010s ]
SQL: SELECT `app`,`model`,`action` FROM `yds_menu` WHERE `id` = 139 LIMIT 1   [ RunTime:0.0000s ]
SQL: INSERT INTO `yds_auth_access` (`role_id`,`rule_name`,`type`) VALUES ('14','user/indexadmin/default3','admin_url') [ RunTime:0.0000s ]
SQL: SELECT `app`,`model`,`action` FROM `yds_menu` WHERE `id` = 140 LIMIT 1   [ RunTime:0.0010s ]
SQL: INSERT INTO `yds_auth_access` (`role_id`,`rule_name`,`type`) VALUES ('14','admin/rbac/index','admin_url') [ RunTime:0.0000s ]
SQL: SELECT `app`,`model`,`action` FROM `yds_menu` WHERE `id` = 141 LIMIT 1   [ RunTime:0.0000s ]
SQL: INSERT INTO `yds_auth_access` (`role_id`,`rule_name`,`type`) VALUES ('14','admin/rbac/member','admin_url') [ RunTime:0.0010s ]
SQL: SELECT `app`,`model`,`action` FROM `yds_menu` WHERE `id` = 142 LIMIT 1   [ RunTime:0.0000s ]
SQL: INSERT INTO `yds_auth_access` (`role_id`,`rule_name`,`type`) VALUES ('14','admin/rbac/authorize','admin_url') [ RunTime:0.0010s ]
SQL: SELECT `app`,`model`,`action` FROM `yds_menu` WHERE `id` = 143 LIMIT 1   [ RunTime:0.0010s ]
SQL: INSERT INTO `yds_auth_access` (`role_id`,`rule_name`,`type`) VALUES ('14','admin/rbac/authorize_post','admin_url') [ RunTime:0.0010s ]
SQL: SELECT `app`,`model`,`action` FROM `yds_menu` WHERE `id` = 144 LIMIT 1   [ RunTime:0.0000s ]
SQL: INSERT INTO `yds_auth_access` (`role_id`,`rule_name`,`type`) VALUES ('14','admin/rbac/roleedit','admin_url') [ RunTime:0.0000s ]
SQL: SELECT `app`,`model`,`action` FROM `yds_menu` WHERE `id` = 145 LIMIT 1   [ RunTime:0.0000s ]
SQL: INSERT INTO `yds_auth_access` (`role_id`,`rule_name`,`type`) VALUES ('14','admin/rbac/roleedit_post','admin_url') [ RunTime:0.0000s ]
SQL: SELECT `app`,`model`,`action` FROM `yds_menu` WHERE `id` = 146 LIMIT 1   [ RunTime:0.0000s ]
SQL: INSERT INTO `yds_auth_access` (`role_id`,`rule_name`,`type`) VALUES ('14','admin/rbac/roledelete','admin_url') [ RunTime:0.0000s ]
SQL: SELECT `app`,`model`,`action` FROM `yds_menu` WHERE `id` = 147 LIMIT 1   [ RunTime:0.0000s ]
SQL: INSERT INTO `yds_auth_access` (`role_id`,`rule_name`,`type`) VALUES ('14','admin/rbac/roleadd','admin_url') [ RunTime:0.0010s ]
SQL: SELECT `app`,`model`,`action` FROM `yds_menu` WHERE `id` = 148 LIMIT 1   [ RunTime:0.0000s ]
SQL: INSERT INTO `yds_auth_access` (`role_id`,`rule_name`,`type`) VALUES ('14','admin/rbac/roleadd_post','admin_url') [ RunTime:0.0000s ]
SQL: SELECT `app`,`model`,`action` FROM `yds_menu` WHERE `id` = 149 LIMIT 1   [ RunTime:0.0000s ]
SQL: INSERT INTO `yds_auth_access` (`role_id`,`rule_name`,`type`) VALUES ('14','admin/user/index','admin_url') [ RunTime:0.0000s ]
SQL: SELECT `app`,`model`,`action` FROM `yds_menu` WHERE `id` = 150 LIMIT 1   [ RunTime:0.0000s ]
SQL: INSERT INTO `yds_auth_access` (`role_id`,`rule_name`,`type`) VALUES ('14','admin/user/delete','admin_url') [ RunTime:0.0000s ]
SQL: SELECT `app`,`model`,`action` FROM `yds_menu` WHERE `id` = 151 LIMIT 1   [ RunTime:0.0010s ]
SQL: INSERT INTO `yds_auth_access` (`role_id`,`rule_name`,`type`) VALUES ('14','admin/user/edit','admin_url') [ RunTime:0.0000s ]
SQL: SELECT `app`,`model`,`action` FROM `yds_menu` WHERE `id` = 152 LIMIT 1   [ RunTime:0.0000s ]
SQL: INSERT INTO `yds_auth_access` (`role_id`,`rule_name`,`type`) VALUES ('14','admin/user/edit_post','admin_url') [ RunTime:0.0000s ]
SQL: SELECT `app`,`model`,`action` FROM `yds_menu` WHERE `id` = 153 LIMIT 1   [ RunTime:0.0000s ]
SQL: INSERT INTO `yds_auth_access` (`role_id`,`rule_name`,`type`) VALUES ('14','admin/user/add','admin_url') [ RunTime:0.0000s ]
SQL: SELECT `app`,`model`,`action` FROM `yds_menu` WHERE `id` = 154 LIMIT 1   [ RunTime:0.0000s ]
SQL: INSERT INTO `yds_auth_access` (`role_id`,`rule_name`,`type`) VALUES ('14','admin/user/add_post','admin_url') [ RunTime:0.0010s ]
SQL: SELECT `app`,`model`,`action` FROM `yds_menu` WHERE `id` = 160 LIMIT 1   [ RunTime:0.0000s ]
SQL: INSERT INTO `yds_auth_access` (`role_id`,`rule_name`,`type`) VALUES ('14','admin/user/ban','admin_url') [ RunTime:0.0000s ]
SQL: SELECT `app`,`model`,`action` FROM `yds_menu` WHERE `id` = 161 LIMIT 1   [ RunTime:0.0000s ]
SQL: INSERT INTO `yds_auth_access` (`role_id`,`rule_name`,`type`) VALUES ('14','admin/user/cancelban','admin_url') [ RunTime:0.0000s ]
SQL: SELECT `app`,`model`,`action` FROM `yds_menu` WHERE `id` = 187 LIMIT 1   [ RunTime:0.0000s ]
SQL: INSERT INTO `yds_auth_access` (`role_id`,`rule_name`,`type`) VALUES ('14','admin/_/_','admin_url') [ RunTime:0.0000s ]
SQL: SELECT `app`,`model`,`action` FROM `yds_menu` WHERE `id` = 188 LIMIT 1   [ RunTime:0.0000s ]
SQL: INSERT INTO `yds_auth_access` (`role_id`,`rule_name`,`type`) VALUES ('14','admin/goods/_','admin_url') [ RunTime:0.0010s ]
SQL: SELECT `app`,`model`,`action` FROM `yds_menu` WHERE `id` = 189 LIMIT 1   [ RunTime:0.0010s ]
SQL: INSERT INTO `yds_auth_access` (`role_id`,`rule_name`,`type`) VALUES ('14','admin/goods/c_goodslist','admin_url') [ RunTime:0.0000s ]
SQL: SELECT `app`,`model`,`action` FROM `yds_menu` WHERE `id` = 203 LIMIT 1   [ RunTime:0.0000s ]
SQL: INSERT INTO `yds_auth_access` (`role_id`,`rule_name`,`type`) VALUES ('14','admin/goods/c_addgoods','admin_url') [ RunTime:0.0000s ]
SQL: SELECT `app`,`model`,`action` FROM `yds_menu` WHERE `id` = 204 LIMIT 1   [ RunTime:0.0010s ]
SQL: INSERT INTO `yds_auth_access` (`role_id`,`rule_name`,`type`) VALUES ('14','admin/goods/c_addgoodspost','admin_url') [ RunTime:0.0010s ]
SQL: SELECT `app`,`model`,`action` FROM `yds_menu` WHERE `id` = 205 LIMIT 1   [ RunTime:0.0000s ]
SQL: INSERT INTO `yds_auth_access` (`role_id`,`rule_name`,`type`) VALUES ('14','admin/goods/c_editgoods','admin_url') [ RunTime:0.0000s ]
SQL: SELECT `app`,`model`,`action` FROM `yds_menu` WHERE `id` = 206 LIMIT 1   [ RunTime:0.0000s ]
SQL: INSERT INTO `yds_auth_access` (`role_id`,`rule_name`,`type`) VALUES ('14','admin/goods/c_editgoodspost','admin_url') [ RunTime:0.0000s ]
SQL: SELECT `app`,`model`,`action` FROM `yds_menu` WHERE `id` = 207 LIMIT 1   [ RunTime:0.0010s ]
SQL: INSERT INTO `yds_auth_access` (`role_id`,`rule_name`,`type`) VALUES ('14','admin/goods/c_recommendgoods','admin_url') [ RunTime:0.0000s ]
SQL: SELECT `app`,`model`,`action` FROM `yds_menu` WHERE `id` = 208 LIMIT 1   [ RunTime:0.0000s ]
SQL: INSERT INTO `yds_auth_access` (`role_id`,`rule_name`,`type`) VALUES ('14','admin/goods/c_unrecommendgoods','admin_url') [ RunTime:0.0000s ]
SQL: SELECT `app`,`model`,`action` FROM `yds_menu` WHERE `id` = 209 LIMIT 1   [ RunTime:0.0000s ]
SQL: INSERT INTO `yds_auth_access` (`role_id`,`rule_name`,`type`) VALUES ('14','admin/goods/c_opengoods','admin_url') [ RunTime:0.0000s ]
SQL: SELECT `app`,`model`,`action` FROM `yds_menu` WHERE `id` = 210 LIMIT 1   [ RunTime:0.0000s ]
SQL: INSERT INTO `yds_auth_access` (`role_id`,`rule_name`,`type`) VALUES ('14','admin/goods/c_closegoods','admin_url') [ RunTime:0.0010s ]
SQL: SELECT `app`,`model`,`action` FROM `yds_menu` WHERE `id` = 211 LIMIT 1   [ RunTime:0.0000s ]
SQL: INSERT INTO `yds_auth_access` (`role_id`,`rule_name`,`type`) VALUES ('14','admin/goods/c_deletegoods','admin_url') [ RunTime:0.0010s ]
SQL: SELECT `app`,`model`,`action` FROM `yds_menu` WHERE `id` = 212 LIMIT 1   [ RunTime:0.0000s ]
SQL: INSERT INTO `yds_auth_access` (`role_id`,`rule_name`,`type`) VALUES ('14','admin/goods/c_savegoodslistorder','admin_url') [ RunTime:0.0010s ]
SQL: SELECT `app`,`model`,`action` FROM `yds_menu` WHERE `id` = 190 LIMIT 1   [ RunTime:0.0000s ]
SQL: INSERT INTO `yds_auth_access` (`role_id`,`rule_name`,`type`) VALUES ('14','admin/goods/c_goodscateslist','admin_url') [ RunTime:0.0000s ]
SQL: SELECT `app`,`model`,`action` FROM `yds_menu` WHERE `id` = 196 LIMIT 1   [ RunTime:0.0000s ]
SQL: INSERT INTO `yds_auth_access` (`role_id`,`rule_name`,`type`) VALUES ('14','admin/goods/c_creategoodscate','admin_url') [ RunTime:0.0000s ]
SQL: SELECT `app`,`model`,`action` FROM `yds_menu` WHERE `id` = 197 LIMIT 1   [ RunTime:0.0000s ]
SQL: INSERT INTO `yds_auth_access` (`role_id`,`rule_name`,`type`) VALUES ('14','admin/goods/c_creategoodscatepost','admin_url') [ RunTime:0.0000s ]
SQL: SELECT `app`,`model`,`action` FROM `yds_menu` WHERE `id` = 198 LIMIT 1   [ RunTime:0.0000s ]
SQL: INSERT INTO `yds_auth_access` (`role_id`,`rule_name`,`type`) VALUES ('14','admin/goods/c_editgoodscate','admin_url') [ RunTime:0.0000s ]
SQL: SELECT `app`,`model`,`action` FROM `yds_menu` WHERE `id` = 199 LIMIT 1   [ RunTime:0.0000s ]
SQL: INSERT INTO `yds_auth_access` (`role_id`,`rule_name`,`type`) VALUES ('14','admin/goods/c_editgoodscatepost','admin_url') [ RunTime:0.0000s ]
SQL: SELECT `app`,`model`,`action` FROM `yds_menu` WHERE `id` = 200 LIMIT 1   [ RunTime:0.0000s ]
SQL: INSERT INTO `yds_auth_access` (`role_id`,`rule_name`,`type`) VALUES ('14','admin/goods/c_closegoodscate','admin_url') [ RunTime:0.0000s ]
SQL: SELECT `app`,`model`,`action` FROM `yds_menu` WHERE `id` = 201 LIMIT 1   [ RunTime:0.0000s ]
SQL: INSERT INTO `yds_auth_access` (`role_id`,`rule_name`,`type`) VALUES ('14','admin/goods/c_opengoodscate','admin_url') [ RunTime:0.0000s ]
SQL: SELECT `app`,`model`,`action` FROM `yds_menu` WHERE `id` = 202 LIMIT 1   [ RunTime:0.0010s ]
SQL: INSERT INTO `yds_auth_access` (`role_id`,`rule_name`,`type`) VALUES ('14','admin/goods/c_deletegoodscate','admin_url') [ RunTime:0.0010s ]
SQL: SELECT `app`,`model`,`action` FROM `yds_menu` WHERE `id` = 213 LIMIT 1   [ RunTime:0.0000s ]
SQL: INSERT INTO `yds_auth_access` (`role_id`,`rule_name`,`type`) VALUES ('14','admin/goods/c_savegoodscatelistorder','admin_url') [ RunTime:0.0000s ]
SQL: SELECT `app`,`model`,`action` FROM `yds_menu` WHERE `id` = 221 LIMIT 1   [ RunTime:0.0000s ]
SQL: INSERT INTO `yds_auth_access` (`role_id`,`rule_name`,`type`) VALUES ('14','admin/goods/c_goodsstrategylist','admin_url') [ RunTime:0.0000s ]
SQL: SELECT `app`,`model`,`action` FROM `yds_menu` WHERE `id` = 222 LIMIT 1   [ RunTime:0.0000s ]
SQL: INSERT INTO `yds_auth_access` (`role_id`,`rule_name`,`type`) VALUES ('14','admin/goods/c_addgoodsstrategyticket','admin_url') [ RunTime:0.0000s ]
SQL: SELECT `app`,`model`,`action` FROM `yds_menu` WHERE `id` = 223 LIMIT 1   [ RunTime:0.0000s ]
SQL: INSERT INTO `yds_auth_access` (`role_id`,`rule_name`,`type`) VALUES ('14','admin/goods/c_addgoodsstrategypackage','admin_url') [ RunTime:0.0000s ]
SQL: SELECT `app`,`model`,`action` FROM `yds_menu` WHERE `id` = 224 LIMIT 1   [ RunTime:0.0000s ]
SQL: INSERT INTO `yds_auth_access` (`role_id`,`rule_name`,`type`) VALUES ('14','admin/goods/c_addgoodsstrategypackagepost','admin_url') [ RunTime:0.0000s ]
SQL: SELECT `app`,`model`,`action` FROM `yds_menu` WHERE `id` = 225 LIMIT 1   [ RunTime:0.0000s ]
SQL: INSERT INTO `yds_auth_access` (`role_id`,`rule_name`,`type`) VALUES ('14','admin/goods/c_editgoodsstrategypackage','admin_url') [ RunTime:0.0000s ]
SQL: SELECT `app`,`model`,`action` FROM `yds_menu` WHERE `id` = 226 LIMIT 1   [ RunTime:0.0000s ]
SQL: INSERT INTO `yds_auth_access` (`role_id`,`rule_name`,`type`) VALUES ('14','admin/goods/c_editgoodsstrategypackagepost','admin_url') [ RunTime:0.0000s ]
SQL: SELECT `app`,`model`,`action` FROM `yds_menu` WHERE `id` = 227 LIMIT 1   [ RunTime:0.0000s ]
SQL: INSERT INTO `yds_auth_access` (`role_id`,`rule_name`,`type`) VALUES ('14','admin/goods/c_addgoodsstrategyticketpost','admin_url') [ RunTime:0.0000s ]
SQL: SELECT `app`,`model`,`action` FROM `yds_menu` WHERE `id` = 228 LIMIT 1   [ RunTime:0.0000s ]
SQL: INSERT INTO `yds_auth_access` (`role_id`,`rule_name`,`type`) VALUES ('14','admin/goods/c_editgoodsstrategyticket','admin_url') [ RunTime:0.0000s ]
SQL: SELECT `app`,`model`,`action` FROM `yds_menu` WHERE `id` = 229 LIMIT 1   [ RunTime:0.0000s ]
SQL: INSERT INTO `yds_auth_access` (`role_id`,`rule_name`,`type`) VALUES ('14','admin/goods/c_editgoodsstrategyticketpost','admin_url') [ RunTime:0.0000s ]
SQL: SELECT `app`,`model`,`action` FROM `yds_menu` WHERE `id` = 230 LIMIT 1   [ RunTime:0.0010s ]
SQL: INSERT INTO `yds_auth_access` (`role_id`,`rule_name`,`type`) VALUES ('14','admin/goods/c_closegoodsstrategy','admin_url') [ RunTime:0.0010s ]
SQL: SELECT `app`,`model`,`action` FROM `yds_menu` WHERE `id` = 231 LIMIT 1   [ RunTime:0.0000s ]
SQL: INSERT INTO `yds_auth_access` (`role_id`,`rule_name`,`type`) VALUES ('14','admin/goods/c_opengoodsstrategy','admin_url') [ RunTime:0.0010s ]
SQL: SELECT `app`,`model`,`action` FROM `yds_menu` WHERE `id` = 232 LIMIT 1   [ RunTime:0.0000s ]
SQL: INSERT INTO `yds_auth_access` (`role_id`,`rule_name`,`type`) VALUES ('14','admin/goods/c_deletegoodsstrategy','admin_url') [ RunTime:0.0000s ]
SQL: SELECT `app`,`model`,`action` FROM `yds_menu` WHERE `id` = 235 LIMIT 1   [ RunTime:0.0000s ]
SQL: INSERT INTO `yds_auth_access` (`role_id`,`rule_name`,`type`) VALUES ('14','admin/goods/c_savestragegygoodslistorder','admin_url') [ RunTime:0.0000s ]
SQL: SELECT `app`,`model`,`action` FROM `yds_menu` WHERE `id` = 248 LIMIT 1   [ RunTime:0.0000s ]
SQL: INSERT INTO `yds_auth_access` (`role_id`,`rule_name`,`type`) VALUES ('14','admin/goods/c_goodswarehouse','admin_url') [ RunTime:0.0000s ]
SQL: SELECT `app`,`model`,`action` FROM `yds_menu` WHERE `id` = 249 LIMIT 1   [ RunTime:0.0010s ]
SQL: INSERT INTO `yds_auth_access` (`role_id`,`rule_name`,`type`) VALUES ('14','admin/goods/c_goodswarehousepost','admin_url') [ RunTime:0.0000s ]
SQL: SELECT `app`,`model`,`action` FROM `yds_menu` WHERE `id` = 194 LIMIT 1   [ RunTime:0.0000s ]
SQL: INSERT INTO `yds_auth_access` (`role_id`,`rule_name`,`type`) VALUES ('14','admin/order/_','admin_url') [ RunTime:0.0000s ]
SQL: SELECT `app`,`model`,`action` FROM `yds_menu` WHERE `id` = 195 LIMIT 1   [ RunTime:0.0000s ]
SQL: INSERT INTO `yds_auth_access` (`role_id`,`rule_name`,`type`) VALUES ('14','admin/order/c_orderlist','admin_url') [ RunTime:0.0000s ]
SQL: SELECT `app`,`model`,`action` FROM `yds_menu` WHERE `id` = 266 LIMIT 1   [ RunTime:0.0000s ]
SQL: INSERT INTO `yds_auth_access` (`role_id`,`rule_name`,`type`) VALUES ('14','admin/order/c_addorder','admin_url') [ RunTime:0.0000s ]
SQL: SELECT `app`,`model`,`action` FROM `yds_menu` WHERE `id` = 214 LIMIT 1   [ RunTime:0.0000s ]
SQL: INSERT INTO `yds_auth_access` (`role_id`,`rule_name`,`type`) VALUES ('14','admin/carousel/c_carousellist','admin_url') [ RunTime:0.0010s ]
SQL: SELECT `app`,`model`,`action` FROM `yds_menu` WHERE `id` = 215 LIMIT 1   [ RunTime:0.0010s ]
SQL: INSERT INTO `yds_auth_access` (`role_id`,`rule_name`,`type`) VALUES ('14','admin/carousel/c_addcarousel','admin_url') [ RunTime:0.0010s ]
SQL: SELECT `app`,`model`,`action` FROM `yds_menu` WHERE `id` = 216 LIMIT 1   [ RunTime:0.0010s ]
SQL: INSERT INTO `yds_auth_access` (`role_id`,`rule_name`,`type`) VALUES ('14','admin/carousel/c_addcarouselpost','admin_url') [ RunTime:0.0000s ]
SQL: SELECT `app`,`model`,`action` FROM `yds_menu` WHERE `id` = 217 LIMIT 1   [ RunTime:0.0000s ]
SQL: INSERT INTO `yds_auth_access` (`role_id`,`rule_name`,`type`) VALUES ('14','admin/carousel/c_savecarousellistorder','admin_url') [ RunTime:0.0010s ]
SQL: SELECT `app`,`model`,`action` FROM `yds_menu` WHERE `id` = 218 LIMIT 1   [ RunTime:0.0000s ]
SQL: INSERT INTO `yds_auth_access` (`role_id`,`rule_name`,`type`) VALUES ('14','admin/carousel/c_closecarousel','admin_url') [ RunTime:0.0000s ]
SQL: SELECT `app`,`model`,`action` FROM `yds_menu` WHERE `id` = 219 LIMIT 1   [ RunTime:0.0000s ]
SQL: INSERT INTO `yds_auth_access` (`role_id`,`rule_name`,`type`) VALUES ('14','admin/carousel/c_opencarousel','admin_url') [ RunTime:0.0000s ]
SQL: SELECT `app`,`model`,`action` FROM `yds_menu` WHERE `id` = 220 LIMIT 1   [ RunTime:0.0000s ]
SQL: INSERT INTO `yds_auth_access` (`role_id`,`rule_name`,`type`) VALUES ('14','admin/carousel/c_deletecarousel','admin_url') [ RunTime:0.0000s ]
SQL: SELECT `app`,`model`,`action` FROM `yds_menu` WHERE `id` = 233 LIMIT 1   [ RunTime:0.0000s ]
SQL: INSERT INTO `yds_auth_access` (`role_id`,`rule_name`,`type`) VALUES ('14','admin/station/-','admin_url') [ RunTime:0.0000s ]
SQL: SELECT `app`,`model`,`action` FROM `yds_menu` WHERE `id` = 234 LIMIT 1   [ RunTime:0.0000s ]
SQL: INSERT INTO `yds_auth_access` (`role_id`,`rule_name`,`type`) VALUES ('14','admin/station/c_stationlist','admin_url') [ RunTime:0.0000s ]
SQL: SELECT `app`,`model`,`action` FROM `yds_menu` WHERE `id` = 236 LIMIT 1   [ RunTime:0.0000s ]
SQL: INSERT INTO `yds_auth_access` (`role_id`,`rule_name`,`type`) VALUES ('14','admin/station/c_stationadd','admin_url') [ RunTime:0.0010s ]
SQL: SELECT `app`,`model`,`action` FROM `yds_menu` WHERE `id` = 237 LIMIT 1   [ RunTime:0.0010s ]
SQL: INSERT INTO `yds_auth_access` (`role_id`,`rule_name`,`type`) VALUES ('14','admin/station/c_stationedit','admin_url') [ RunTime:0.0010s ]
SQL: SELECT `app`,`model`,`action` FROM `yds_menu` WHERE `id` = 238 LIMIT 1   [ RunTime:0.0000s ]
SQL: INSERT INTO `yds_auth_access` (`role_id`,`rule_name`,`type`) VALUES ('14','admin/station/c_autosavestatus','admin_url') [ RunTime:0.0000s ]
SQL: SELECT `app`,`model`,`action` FROM `yds_menu` WHERE `id` = 239 LIMIT 1   [ RunTime:0.0000s ]
SQL: INSERT INTO `yds_auth_access` (`role_id`,`rule_name`,`type`) VALUES ('14','admin/station/c_stationdel','admin_url') [ RunTime:0.0000s ]
SQL: SELECT `app`,`model`,`action` FROM `yds_menu` WHERE `id` = 243 LIMIT 1   [ RunTime:0.0000s ]
SQL: INSERT INTO `yds_auth_access` (`role_id`,`rule_name`,`type`) VALUES ('14','admin/station/c_stationaddpost','admin_url') [ RunTime:0.0000s ]
SQL: SELECT `app`,`model`,`action` FROM `yds_menu` WHERE `id` = 262 LIMIT 1   [ RunTime:0.0000s ]
SQL: INSERT INTO `yds_auth_access` (`role_id`,`rule_name`,`type`) VALUES ('14','admin/station/stationrange','admin_url') [ RunTime:0.0000s ]
SQL: SELECT `app`,`model`,`action` FROM `yds_menu` WHERE `id` = 263 LIMIT 1   [ RunTime:0.0000s ]
SQL: INSERT INTO `yds_auth_access` (`role_id`,`rule_name`,`type`) VALUES ('14','admin/station/stationorderanalysis','admin_url') [ RunTime:0.0000s ]
SQL: SELECT `app`,`model`,`action` FROM `yds_menu` WHERE `id` = 240 LIMIT 1   [ RunTime:0.0000s ]
SQL: INSERT INTO `yds_auth_access` (`role_id`,`rule_name`,`type`) VALUES ('14','admin/__/__','admin_url') [ RunTime:0.0000s ]
SQL: SELECT `app`,`model`,`action` FROM `yds_menu` WHERE `id` = 193 LIMIT 1   [ RunTime:0.0000s ]
SQL: INSERT INTO `yds_auth_access` (`role_id`,`rule_name`,`type`) VALUES ('14','admin/wechat/c_funslist','admin_url') [ RunTime:0.0000s ]
SQL: SELECT `app`,`model`,`action` FROM `yds_menu` WHERE `id` = 241 LIMIT 1   [ RunTime:0.0000s ]
SQL: INSERT INTO `yds_auth_access` (`role_id`,`rule_name`,`type`) VALUES ('14','admin/wechat/c_funsaddresslist','admin_url') [ RunTime:0.0000s ]
SQL: SELECT `app`,`model`,`action` FROM `yds_menu` WHERE `id` = 242 LIMIT 1   [ RunTime:0.0000s ]
SQL: INSERT INTO `yds_auth_access` (`role_id`,`rule_name`,`type`) VALUES ('14','admin/wechat/c_funsticketlist','admin_url') [ RunTime:0.0000s ]
SQL: SELECT `app`,`model`,`action` FROM `yds_menu` WHERE `id` = 260 LIMIT 1   [ RunTime:0.0000s ]
SQL: INSERT INTO `yds_auth_access` (`role_id`,`rule_name`,`type`) VALUES ('14','admin/wechat/c_singlepriced','admin_url') [ RunTime:0.0010s ]
SQL: SELECT `app`,`model`,`action` FROM `yds_menu` WHERE `id` = 261 LIMIT 1   [ RunTime:0.0010s ]
SQL: INSERT INTO `yds_auth_access` (`role_id`,`rule_name`,`type`) VALUES ('14','admin/wechat/c_singlepricedpost','admin_url') [ RunTime:0.0010s ]
SQL: SELECT `app`,`model`,`action` FROM `yds_menu` WHERE `id` = 244 LIMIT 1   [ RunTime:0.0000s ]
SQL: INSERT INTO `yds_auth_access` (`role_id`,`rule_name`,`type`) VALUES ('14','admin/deliver/c_deliverlist','admin_url') [ RunTime:0.0000s ]
SQL: SELECT `app`,`model`,`action` FROM `yds_menu` WHERE `id` = 245 LIMIT 1   [ RunTime:0.0000s ]
SQL: INSERT INTO `yds_auth_access` (`role_id`,`rule_name`,`type`) VALUES ('14','admin/deliver/c_closedeliver','admin_url') [ RunTime:0.0010s ]
SQL: SELECT `app`,`model`,`action` FROM `yds_menu` WHERE `id` = 246 LIMIT 1   [ RunTime:0.0000s ]
SQL: INSERT INTO `yds_auth_access` (`role_id`,`rule_name`,`type`) VALUES ('14','admin/deliver/c_opendeliver','admin_url') [ RunTime:0.0000s ]
SQL: SELECT `app`,`model`,`action` FROM `yds_menu` WHERE `id` = 247 LIMIT 1   [ RunTime:0.0000s ]
SQL: INSERT INTO `yds_auth_access` (`role_id`,`rule_name`,`type`) VALUES ('14','admin/deliver/c_deletedeliver','admin_url') [ RunTime:0.0000s ]
SQL: SELECT `app`,`model`,`action` FROM `yds_menu` WHERE `id` = 250 LIMIT 1   [ RunTime:0.0000s ]
SQL: INSERT INTO `yds_auth_access` (`role_id`,`rule_name`,`type`) VALUES ('14','admin/deliver/c_editdeliver','admin_url') [ RunTime:0.0000s ]
SQL: SELECT `app`,`model`,`action` FROM `yds_menu` WHERE `id` = 251 LIMIT 1   [ RunTime:0.0000s ]
SQL: INSERT INTO `yds_auth_access` (`role_id`,`rule_name`,`type`) VALUES ('14','admin/deliver/c_editdeliverpost','admin_url') [ RunTime:0.0000s ]
SQL: SELECT `app`,`model`,`action` FROM `yds_menu` WHERE `id` = 252 LIMIT 1   [ RunTime:0.0000s ]
SQL: INSERT INTO `yds_auth_access` (`role_id`,`rule_name`,`type`) VALUES ('14','admin/distribution/_','admin_url') [ RunTime:0.0000s ]
SQL: SELECT `app`,`model`,`action` FROM `yds_menu` WHERE `id` = 253 LIMIT 1   [ RunTime:0.0000s ]
SQL: INSERT INTO `yds_auth_access` (`role_id`,`rule_name`,`type`) VALUES ('14','admin/distribution/c_getdistributionlist','admin_url') [ RunTime:0.0000s ]
SQL: SELECT `app`,`model`,`action` FROM `yds_menu` WHERE `id` = 259 LIMIT 1   [ RunTime:0.0000s ]
SQL: INSERT INTO `yds_auth_access` (`role_id`,`rule_name`,`type`) VALUES ('14','admin/distribution/c_getuserdistributionlist','admin_url') [ RunTime:0.0000s ]
SQL: SELECT `app`,`model`,`action` FROM `yds_menu` WHERE `id` = 254 LIMIT 1   [ RunTime:0.0010s ]
SQL: INSERT INTO `yds_auth_access` (`role_id`,`rule_name`,`type`) VALUES ('14','admin/boss/c_bosslist','admin_url') [ RunTime:0.0000s ]
SQL: SELECT `app`,`model`,`action` FROM `yds_menu` WHERE `id` = 255 LIMIT 1   [ RunTime:0.0010s ]
SQL: INSERT INTO `yds_auth_access` (`role_id`,`rule_name`,`type`) VALUES ('14','admin/boss/c_closeboss','admin_url') [ RunTime:0.0000s ]
SQL: SELECT `app`,`model`,`action` FROM `yds_menu` WHERE `id` = 256 LIMIT 1   [ RunTime:0.0000s ]
SQL: INSERT INTO `yds_auth_access` (`role_id`,`rule_name`,`type`) VALUES ('14','admin/boss/c_openboss','admin_url') [ RunTime:0.0000s ]
SQL: SELECT `app`,`model`,`action` FROM `yds_menu` WHERE `id` = 257 LIMIT 1   [ RunTime:0.0000s ]
SQL: INSERT INTO `yds_auth_access` (`role_id`,`rule_name`,`type`) VALUES ('14','admin/boss/c_editboss','admin_url') [ RunTime:0.0000s ]
SQL: SELECT `app`,`model`,`action` FROM `yds_menu` WHERE `id` = 258 LIMIT 1   [ RunTime:0.0000s ]
SQL: INSERT INTO `yds_auth_access` (`role_id`,`rule_name`,`type`) VALUES ('14','admin/boss/c_editbosspost','admin_url') [ RunTime:0.0010s ]
SQL: SELECT `app`,`model`,`action` FROM `yds_menu` WHERE `id` = 191 LIMIT 1   [ RunTime:0.0000s ]
SQL: INSERT INTO `yds_auth_access` (`role_id`,`rule_name`,`type`) VALUES ('14','admin/__/_','admin_url') [ RunTime:0.0000s ]
SQL: SELECT `app`,`model`,`action` FROM `yds_menu` WHERE `id` = 192 LIMIT 1   [ RunTime:0.0000s ]
SQL: INSERT INTO `yds_auth_access` (`role_id`,`rule_name`,`type`) VALUES ('14','admin/wechat/c_menulist','admin_url') [ RunTime:0.0000s ]

