[ 2018-01-16T10:33:29+08:00 ] ::1 /htdocs/index.php?g=&m=public&a=dologin
INFO: [ app_begin ] --START--
INFO: Run Behavior\ReadHtmlCacheBehavior [ RunTime:0.000000s ]
INFO: Run Behavior\CheckLangBehavior [ RunTime:0.001000s ]
INFO: Run Common\Behavior\UrldecodeGetBehavior [ RunTime:0.001000s ]
INFO: [ app_begin ] --END-- [ RunTime:0.004000s ]
INFO: [ admin_begin ] --START--
INFO: Run Common\Behavior\AdminDefaultLangBehavior [ RunTime:0.002000s ]
INFO: [ admin_begin ] --END-- [ RunTime:0.002000s ]
NOTIC: [8] Undefined index: CONFIG_ID D:\wamp64\www\htdocs\application\Common\Controller\AdminbaseController.class.php 第 20 行.
SQL: SHOW COLUMNS FROM `yds_users` [ RunTime:0.0620s ]
SQL: SELECT * FROM `yds_users` WHERE `user_login` = 'admin' LIMIT 1   [ RunTime:0.0620s ]
SQL: SHOW COLUMNS FROM `yds_role_user` [ RunTime:0.0600s ]
SQL: SELECT `role_id` FROM yds_role_user a INNER JOIN yds_role as b on a.role_id =b.id  WHERE `user_id` = '1' AND `status` = 1  [ RunTime:0.0610s ]
SQL: UPDATE `yds_users` SET `config_id`='0',`station_id`='0',`user_login`='admin',`user_pass`='###310ea1775f1ba62df5cdb6d1f2583636',`user_nicename`='admin',`user_email`='php20141104@163.com',`user_url`='',`avatar`=NULL,`sex`='1',`birthday`='2017-05-25',`signature`='',`last_login_ip`='0.0.0.0',`last_login_time`='2018-01-16 10:33:29',`create_time`='2017-05-25 05:08:45',`user_activation_key`='',`user_status`='1',`score`='0',`user_type`='1',`coin`='0',`mobile`='' WHERE `id` = '1' [ RunTime:0.0620s ]

[ 2018-01-16T14:04:41+08:00 ] ::1 /htdocs/index.php?g=&m=public&a=dologin
INFO: [ app_begin ] --START--
INFO: Run Behavior\ReadHtmlCacheBehavior [ RunTime:0.000000s ]
INFO: Run Behavior\CheckLangBehavior [ RunTime:0.002000s ]
INFO: Run Common\Behavior\UrldecodeGetBehavior [ RunTime:0.001000s ]
INFO: [ app_begin ] --END-- [ RunTime:0.004000s ]
INFO: [ admin_begin ] --START--
INFO: Run Common\Behavior\AdminDefaultLangBehavior [ RunTime:0.002000s ]
INFO: [ admin_begin ] --END-- [ RunTime:0.002000s ]
NOTIC: [8] Undefined index: CONFIG_ID D:\wamp64\www\htdocs\application\Common\Controller\AdminbaseController.class.php 第 20 行.
SQL: SHOW COLUMNS FROM `yds_users` [ RunTime:0.0670s ]
SQL: SELECT * FROM `yds_users` WHERE `user_login` = 'admin' LIMIT 1   [ RunTime:0.0660s ]

[ 2018-01-16T14:48:55+08:00 ] ::1 /htdocs/index.php?g=&m=public&a=dologin
INFO: [ app_begin ] --START--
INFO: Run Behavior\ReadHtmlCacheBehavior [ RunTime:0.001000s ]
INFO: Run Behavior\CheckLangBehavior [ RunTime:0.003001s ]
INFO: Run Common\Behavior\UrldecodeGetBehavior [ RunTime:0.001000s ]
INFO: [ app_begin ] --END-- [ RunTime:0.007001s ]
INFO: [ admin_begin ] --START--
INFO: Run Common\Behavior\AdminDefaultLangBehavior [ RunTime:0.001000s ]
INFO: [ admin_begin ] --END-- [ RunTime:0.002000s ]
NOTIC: [8] Undefined index: CONFIG_ID D:\wamp64\www\htdocs\application\Common\Controller\AdminbaseController.class.php 第 20 行.

[ 2018-01-16T14:49:02+08:00 ] ::1 /htdocs/index.php?g=&m=public&a=dologin
INFO: [ app_begin ] --START--
INFO: Run Behavior\ReadHtmlCacheBehavior [ RunTime:0.000000s ]
INFO: Run Behavior\CheckLangBehavior [ RunTime:0.001000s ]
INFO: Run Common\Behavior\UrldecodeGetBehavior [ RunTime:0.001000s ]
INFO: [ app_begin ] --END-- [ RunTime:0.004000s ]
INFO: [ admin_begin ] --START--
INFO: Run Common\Behavior\AdminDefaultLangBehavior [ RunTime:0.001000s ]
INFO: [ admin_begin ] --END-- [ RunTime:0.001000s ]
NOTIC: [8] Undefined index: CONFIG_ID D:\wamp64\www\htdocs\application\Common\Controller\AdminbaseController.class.php 第 20 行.
SQL: SHOW COLUMNS FROM `yds_users` [ RunTime:0.0610s ]
SQL: SELECT * FROM `yds_users` WHERE `user_login` = 'admin' LIMIT 1   [ RunTime:0.0600s ]
SQL: SHOW COLUMNS FROM `yds_role_user` [ RunTime:0.0600s ]
SQL: SELECT `role_id` FROM yds_role_user a INNER JOIN yds_role as b on a.role_id =b.id  WHERE `user_id` = '1' AND `status` = 1  [ RunTime:0.0590s ]
SQL: UPDATE `yds_users` SET `config_id`='0',`station_id`='0',`user_login`='admin',`user_pass`='###310ea1775f1ba62df5cdb6d1f2583636',`user_nicename`='admin',`user_email`='php20141104@163.com',`user_url`='',`avatar`=NULL,`sex`='1',`birthday`='2017-05-25',`signature`='',`last_login_ip`='0.0.0.0',`last_login_time`='2018-01-16 14:49:01',`create_time`='2017-05-25 05:08:45',`user_activation_key`='',`user_status`='1',`score`='0',`user_type`='1',`coin`='0',`mobile`='' WHERE `id` = '1' [ RunTime:0.0620s ]

[ 2018-01-16T19:51:12+08:00 ] ::1 /htdocs/index.php?g=Admin&m=Distribution&a=C_getDistributionList
ERR: 1305:FUNCTION bdm248126662_db.from_base64 does not exist
 [ SQL语句 ] : SELECT *,from_base64(nickname) as nickname FROM `yds_wechat_user` ORDER BY deeps asc LIMIT 0,15  

