[ 2018-01-18T10:07:50+08:00 ] ::1 /htdocs/index.php?g=&m=public&a=dologin
INFO: [ app_begin ] --START--
INFO: Run Behavior\ReadHtmlCacheBehavior [ RunTime:0.001000s ]
INFO: Run Behavior\CheckLangBehavior [ RunTime:0.002001s ]
INFO: Run Common\Behavior\UrldecodeGetBehavior [ RunTime:0.000000s ]
INFO: [ app_begin ] --END-- [ RunTime:0.003001s ]
INFO: [ admin_begin ] --START--
INFO: Run Common\Behavior\AdminDefaultLangBehavior [ RunTime:0.000000s ]
INFO: [ admin_begin ] --END-- [ RunTime:0.000000s ]
NOTIC: [8] Undefined index: CONFIG_ID D:\wamp64\www\htdocs\application\Common\Controller\AdminbaseController.class.php 第 20 行.
SQL: SHOW COLUMNS FROM `yds_users` [ RunTime:0.0624s ]
SQL: SELECT * FROM `yds_users` WHERE `user_login` = 'admin' LIMIT 1   [ RunTime:0.0624s ]
SQL: SHOW COLUMNS FROM `yds_role_user` [ RunTime:0.0624s ]
SQL: SELECT `role_id` FROM yds_role_user a INNER JOIN yds_role as b on a.role_id =b.id  WHERE `user_id` = '1' AND `status` = 1  [ RunTime:0.0624s ]
SQL: UPDATE `yds_users` SET `config_id`='0',`station_id`='0',`user_login`='admin',`user_pass`='###310ea1775f1ba62df5cdb6d1f2583636',`user_nicename`='admin',`user_email`='php20141104@163.com',`user_url`='',`avatar`=NULL,`sex`='1',`birthday`='2017-05-25',`signature`='',`last_login_ip`='0.0.0.0',`last_login_time`='2018-01-18 10:07:50',`create_time`='2017-05-25 05:08:45',`user_activation_key`='',`user_status`='1',`score`='0',`user_type`='1',`coin`='0',`mobile`='' WHERE `id` = '1' [ RunTime:0.0624s ]

[ 2018-01-18T10:47:07+08:00 ] ::1 /htdocs/index.php?g=&m=Order&a=doAddOrder
INFO: [ app_begin ] --START--
INFO: Run Behavior\ReadHtmlCacheBehavior [ RunTime:0.001000s ]
INFO: Run Behavior\CheckLangBehavior [ RunTime:0.003000s ]
INFO: Run Common\Behavior\UrldecodeGetBehavior [ RunTime:0.001000s ]
INFO: [ app_begin ] --END-- [ RunTime:0.005000s ]
INFO: [ admin_begin ] --START--
INFO: Run Common\Behavior\AdminDefaultLangBehavior [ RunTime:0.002000s ]
INFO: [ admin_begin ] --END-- [ RunTime:0.002000s ]
SQL: SHOW COLUMNS FROM `yds_users` [ RunTime:0.0620s ]
SQL: SELECT * FROM `yds_users` WHERE `id` = '1' LIMIT 1   [ RunTime:0.0610s ]
SQL: SHOW COLUMNS FROM `yds_wechat_user_address` [ RunTime:0.0610s ]
SQL: INSERT INTO `yds_wechat_user_address` (`config_id`,`name`,`tel`,`pcd`,`detail`,`gps`,`create_time`,`status`) VALUES ('6','','','','',',','1516243627','1') [ RunTime:0.0670s ]
SQL: SHOW COLUMNS FROM `yds_b2c_order` [ RunTime:0.0620s ]
NOTIC: [8] Undefined offset: 0 D:\wamp64\www\htdocs\simplewind\Core\Library\Think\Db\Driver.class.php 第 805 行.
SQL: INSERT INTO `yds_b2c_order` (`order_sn`) VALUES ('') [ RunTime:0.0630s ]
INFO: [ app_end ] --START--
INFO: Run Behavior\ShowPageTraceBehavior [ RunTime:0.001000s ]
INFO: [ app_end ] --END-- [ RunTime:0.003000s ]

[ 2018-01-18T10:53:09+08:00 ] ::1 /htdocs/index.php?g=&m=Order&a=doAddOrder
INFO: [ app_begin ] --START--
INFO: Run Behavior\ReadHtmlCacheBehavior [ RunTime:0.000000s ]
INFO: Run Behavior\CheckLangBehavior [ RunTime:0.002000s ]
INFO: Run Common\Behavior\UrldecodeGetBehavior [ RunTime:0.000000s ]
INFO: [ app_begin ] --END-- [ RunTime:0.003000s ]
INFO: [ admin_begin ] --START--
INFO: Run Common\Behavior\AdminDefaultLangBehavior [ RunTime:0.001000s ]
INFO: [ admin_begin ] --END-- [ RunTime:0.003000s ]
SQL: SHOW COLUMNS FROM `yds_users` [ RunTime:0.0650s ]
SQL: SELECT * FROM `yds_users` WHERE `id` = '1' LIMIT 1   [ RunTime:0.0640s ]
SQL: SHOW COLUMNS FROM `yds_wechat_user_address` [ RunTime:0.0640s ]
SQL: INSERT INTO `yds_wechat_user_address` (`config_id`,`name`,`tel`,`pcd`,`detail`,`gps`,`create_time`,`status`) VALUES ('6','','','','',',','1516243989','1') [ RunTime:0.0670s ]
SQL: SHOW COLUMNS FROM `yds_b2c_order` [ RunTime:0.0650s ]
NOTIC: [8] Undefined offset: 0 D:\wamp64\www\htdocs\simplewind\Core\Library\Think\Db\Driver.class.php 第 805 行.
SQL: INSERT INTO `yds_b2c_order` (`order_sn`) VALUES ('') [ RunTime:0.0650s ]
INFO: [ app_end ] --START--
INFO: Run Behavior\ShowPageTraceBehavior [ RunTime:0.002000s ]
INFO: [ app_end ] --END-- [ RunTime:0.002000s ]

[ 2018-01-18T10:53:13+08:00 ] ::1 /htdocs/index.php?g=&m=Order&a=doAddOrder
INFO: [ app_begin ] --START--
INFO: Run Behavior\ReadHtmlCacheBehavior [ RunTime:0.002000s ]
INFO: Run Behavior\CheckLangBehavior [ RunTime:0.002000s ]
INFO: Run Common\Behavior\UrldecodeGetBehavior [ RunTime:0.000000s ]
INFO: [ app_begin ] --END-- [ RunTime:0.005001s ]
INFO: [ admin_begin ] --START--
INFO: Run Common\Behavior\AdminDefaultLangBehavior [ RunTime:0.002000s ]
INFO: [ admin_begin ] --END-- [ RunTime:0.002000s ]
SQL: SHOW COLUMNS FROM `yds_users` [ RunTime:0.0750s ]
SQL: SELECT * FROM `yds_users` WHERE `id` = '1' LIMIT 1   [ RunTime:0.0680s ]
SQL: SHOW COLUMNS FROM `yds_wechat_user_address` [ RunTime:0.0640s ]
SQL: INSERT INTO `yds_wechat_user_address` (`config_id`,`name`,`tel`,`pcd`,`detail`,`gps`,`create_time`,`status`) VALUES ('6','','','','',',','1516243992','1') [ RunTime:0.0660s ]
SQL: SHOW COLUMNS FROM `yds_b2c_order` [ RunTime:0.0640s ]
NOTIC: [8] Undefined offset: 0 D:\wamp64\www\htdocs\simplewind\Core\Library\Think\Db\Driver.class.php 第 805 行.
SQL: INSERT INTO `yds_b2c_order` (`order_sn`) VALUES ('') [ RunTime:0.0870s ]
INFO: [ app_end ] --START--
INFO: Run Behavior\ShowPageTraceBehavior [ RunTime:0.001000s ]
INFO: [ app_end ] --END-- [ RunTime:0.001000s ]

[ 2018-01-18T10:53:13+08:00 ] ::1 /htdocs/index.php?g=&m=Order&a=doAddOrder
INFO: [ app_begin ] --START--
INFO: Run Behavior\ReadHtmlCacheBehavior [ RunTime:0.001000s ]
INFO: Run Behavior\CheckLangBehavior [ RunTime:0.003000s ]
INFO: Run Common\Behavior\UrldecodeGetBehavior [ RunTime:0.001000s ]
INFO: [ app_begin ] --END-- [ RunTime:0.006000s ]
INFO: [ admin_begin ] --START--
INFO: Run Common\Behavior\AdminDefaultLangBehavior [ RunTime:0.002000s ]
INFO: [ admin_begin ] --END-- [ RunTime:0.002000s ]
SQL: SHOW COLUMNS FROM `yds_users` [ RunTime:0.0600s ]
SQL: SELECT * FROM `yds_users` WHERE `id` = '1' LIMIT 1   [ RunTime:0.0610s ]
SQL: SHOW COLUMNS FROM `yds_wechat_user_address` [ RunTime:0.0600s ]
SQL: INSERT INTO `yds_wechat_user_address` (`config_id`,`name`,`tel`,`pcd`,`detail`,`gps`,`create_time`,`status`) VALUES ('6','','','','',',','1516243993','1') [ RunTime:0.0690s ]
SQL: SHOW COLUMNS FROM `yds_b2c_order` [ RunTime:0.0600s ]
NOTIC: [8] Undefined offset: 0 D:\wamp64\www\htdocs\simplewind\Core\Library\Think\Db\Driver.class.php 第 805 行.
SQL: INSERT INTO `yds_b2c_order` (`order_sn`) VALUES ('') [ RunTime:0.0630s ]
INFO: [ app_end ] --START--
INFO: Run Behavior\ShowPageTraceBehavior [ RunTime:0.001000s ]
INFO: [ app_end ] --END-- [ RunTime:0.001000s ]

[ 2018-01-18T10:53:14+08:00 ] ::1 /htdocs/index.php?g=&m=Order&a=doAddOrder
INFO: [ app_begin ] --START--
INFO: Run Behavior\ReadHtmlCacheBehavior [ RunTime:0.001001s ]
INFO: Run Behavior\CheckLangBehavior [ RunTime:0.003000s ]
INFO: Run Common\Behavior\UrldecodeGetBehavior [ RunTime:0.001000s ]
INFO: [ app_begin ] --END-- [ RunTime:0.005001s ]
INFO: [ admin_begin ] --START--
INFO: Run Common\Behavior\AdminDefaultLangBehavior [ RunTime:0.002000s ]
INFO: [ admin_begin ] --END-- [ RunTime:0.002000s ]
SQL: SHOW COLUMNS FROM `yds_users` [ RunTime:0.0650s ]
SQL: SELECT * FROM `yds_users` WHERE `id` = '1' LIMIT 1   [ RunTime:0.0640s ]
SQL: SHOW COLUMNS FROM `yds_wechat_user_address` [ RunTime:0.0650s ]
SQL: INSERT INTO `yds_wechat_user_address` (`config_id`,`name`,`tel`,`pcd`,`detail`,`gps`,`create_time`,`status`) VALUES ('6','','','','',',','1516243994','1') [ RunTime:0.0660s ]
SQL: SHOW COLUMNS FROM `yds_b2c_order` [ RunTime:0.0650s ]
NOTIC: [8] Undefined offset: 0 D:\wamp64\www\htdocs\simplewind\Core\Library\Think\Db\Driver.class.php 第 805 行.
SQL: INSERT INTO `yds_b2c_order` (`order_sn`) VALUES ('') [ RunTime:0.0660s ]
INFO: [ app_end ] --START--
INFO: Run Behavior\ShowPageTraceBehavior [ RunTime:0.001000s ]
INFO: [ app_end ] --END-- [ RunTime:0.001000s ]

[ 2018-01-18T10:53:37+08:00 ] ::1 /htdocs/index.php?g=&m=Order&a=doAddOrder
INFO: [ app_begin ] --START--
INFO: Run Behavior\ReadHtmlCacheBehavior [ RunTime:0.001001s ]
INFO: Run Behavior\CheckLangBehavior [ RunTime:0.002000s ]
INFO: Run Common\Behavior\UrldecodeGetBehavior [ RunTime:0.001000s ]
INFO: [ app_begin ] --END-- [ RunTime:0.004001s ]
INFO: [ admin_begin ] --START--
INFO: Run Common\Behavior\AdminDefaultLangBehavior [ RunTime:0.001000s ]
INFO: [ admin_begin ] --END-- [ RunTime:0.001000s ]
SQL: SHOW COLUMNS FROM `yds_users` [ RunTime:0.0650s ]
SQL: SELECT * FROM `yds_users` WHERE `id` = '1' LIMIT 1   [ RunTime:0.0660s ]
SQL: SHOW COLUMNS FROM `yds_wechat_user_address` [ RunTime:0.0650s ]
SQL: INSERT INTO `yds_wechat_user_address` (`config_id`,`name`,`tel`,`pcd`,`detail`,`gps`,`create_time`,`status`) VALUES ('6','','','','',',','1516244017','1') [ RunTime:0.0670s ]
SQL: SHOW COLUMNS FROM `yds_b2c_order` [ RunTime:0.0650s ]
NOTIC: [8] Undefined offset: 0 D:\wamp64\www\htdocs\simplewind\Core\Library\Think\Db\Driver.class.php 第 805 行.
SQL: INSERT INTO `yds_b2c_order` (`order_sn`) VALUES ('') [ RunTime:0.0660s ]
INFO: [ app_end ] --START--
INFO: Run Behavior\ShowPageTraceBehavior [ RunTime:0.003001s ]
INFO: [ app_end ] --END-- [ RunTime:0.003001s ]

[ 2018-01-18T10:56:45+08:00 ] ::1 /htdocs/index.php?g=&m=Order&a=doAddOrder
INFO: [ app_begin ] --START--
INFO: Run Behavior\ReadHtmlCacheBehavior [ RunTime:0.001000s ]
INFO: Run Behavior\CheckLangBehavior [ RunTime:0.002000s ]
INFO: Run Common\Behavior\UrldecodeGetBehavior [ RunTime:0.001000s ]
INFO: [ app_begin ] --END-- [ RunTime:0.004000s ]
INFO: [ admin_begin ] --START--
INFO: Run Common\Behavior\AdminDefaultLangBehavior [ RunTime:0.001000s ]
INFO: [ admin_begin ] --END-- [ RunTime:0.002000s ]
SQL: SHOW COLUMNS FROM `yds_users` [ RunTime:0.0660s ]
SQL: SELECT * FROM `yds_users` WHERE `id` = '1' LIMIT 1   [ RunTime:0.0650s ]
SQL: SHOW COLUMNS FROM `yds_wechat_user_address` [ RunTime:0.0650s ]
SQL: INSERT INTO `yds_wechat_user_address` (`config_id`,`name`,`tel`,`pcd`,`detail`,`gps`,`create_time`,`status`) VALUES ('6','','','','',',','1516244205','1') [ RunTime:0.0670s ]
SQL: SHOW COLUMNS FROM `yds_b2c_order` [ RunTime:0.0660s ]
NOTIC: [8] Undefined offset: 0 D:\wamp64\www\htdocs\simplewind\Core\Library\Think\Db\Driver.class.php 第 805 行.
SQL: INSERT INTO `yds_b2c_order` (`order_sn`) VALUES ('') [ RunTime:0.0670s ]
INFO: [ app_end ] --START--
INFO: Run Behavior\ShowPageTraceBehavior [ RunTime:0.001000s ]
INFO: [ app_end ] --END-- [ RunTime:0.001000s ]

[ 2018-01-18T10:58:25+08:00 ] ::1 /htdocs/index.php?g=&m=Order&a=doAddOrder
INFO: [ app_begin ] --START--
INFO: Run Behavior\ReadHtmlCacheBehavior [ RunTime:0.001000s ]
INFO: Run Behavior\CheckLangBehavior [ RunTime:0.001001s ]
INFO: Run Common\Behavior\UrldecodeGetBehavior [ RunTime:0.000000s ]
INFO: [ app_begin ] --END-- [ RunTime:0.003001s ]
INFO: [ admin_begin ] --START--
INFO: Run Common\Behavior\AdminDefaultLangBehavior [ RunTime:0.001000s ]
INFO: [ admin_begin ] --END-- [ RunTime:0.001000s ]
SQL: SHOW COLUMNS FROM `yds_users` [ RunTime:0.0580s ]
SQL: SELECT * FROM `yds_users` WHERE `id` = '1' LIMIT 1   [ RunTime:0.0570s ]

[ 2018-01-18T10:59:00+08:00 ] ::1 /htdocs/index.php?g=&m=Order&a=doAddOrder
INFO: [ app_begin ] --START--
INFO: Run Behavior\ReadHtmlCacheBehavior [ RunTime:0.001000s ]
INFO: Run Behavior\CheckLangBehavior [ RunTime:0.001000s ]
INFO: Run Common\Behavior\UrldecodeGetBehavior [ RunTime:0.001000s ]
INFO: [ app_begin ] --END-- [ RunTime:0.005000s ]
INFO: [ admin_begin ] --START--
INFO: Run Common\Behavior\AdminDefaultLangBehavior [ RunTime:0.001000s ]
INFO: [ admin_begin ] --END-- [ RunTime:0.001000s ]
SQL: SHOW COLUMNS FROM `yds_users` [ RunTime:0.0610s ]
SQL: SELECT * FROM `yds_users` WHERE `id` = '1' LIMIT 1   [ RunTime:0.0620s ]

[ 2018-01-18T11:03:54+08:00 ] ::1 /htdocs/index.php?g=&m=Order&a=doAddOrder
INFO: [ app_begin ] --START--
INFO: Run Behavior\ReadHtmlCacheBehavior [ RunTime:0.001000s ]
INFO: Run Behavior\CheckLangBehavior [ RunTime:0.002000s ]
INFO: Run Common\Behavior\UrldecodeGetBehavior [ RunTime:0.000000s ]
INFO: [ app_begin ] --END-- [ RunTime:0.003000s ]
INFO: [ admin_begin ] --START--
INFO: Run Common\Behavior\AdminDefaultLangBehavior [ RunTime:0.001000s ]
INFO: [ admin_begin ] --END-- [ RunTime:0.002000s ]
SQL: SHOW COLUMNS FROM `yds_users` [ RunTime:0.0610s ]
SQL: SELECT * FROM `yds_users` WHERE `id` = '1' LIMIT 1   [ RunTime:0.0610s ]

[ 2018-01-18T11:03:55+08:00 ] ::1 /htdocs/index.php?g=&m=Order&a=doAddOrder
INFO: [ app_begin ] --START--
INFO: Run Behavior\ReadHtmlCacheBehavior [ RunTime:0.001000s ]
INFO: Run Behavior\CheckLangBehavior [ RunTime:0.002000s ]
INFO: Run Common\Behavior\UrldecodeGetBehavior [ RunTime:0.001000s ]
INFO: [ app_begin ] --END-- [ RunTime:0.004000s ]
INFO: [ admin_begin ] --START--
INFO: Run Common\Behavior\AdminDefaultLangBehavior [ RunTime:0.002000s ]
INFO: [ admin_begin ] --END-- [ RunTime:0.002000s ]
SQL: SHOW COLUMNS FROM `yds_users` [ RunTime:0.0650s ]
SQL: SELECT * FROM `yds_users` WHERE `id` = '1' LIMIT 1   [ RunTime:0.0660s ]

[ 2018-01-18T11:03:59+08:00 ] ::1 /htdocs/index.php?g=&m=Order&a=doAddOrder
INFO: [ app_begin ] --START--
INFO: Run Behavior\ReadHtmlCacheBehavior [ RunTime:0.001000s ]
INFO: Run Behavior\CheckLangBehavior [ RunTime:0.002000s ]
INFO: Run Common\Behavior\UrldecodeGetBehavior [ RunTime:0.001000s ]
INFO: [ app_begin ] --END-- [ RunTime:0.004000s ]
INFO: [ admin_begin ] --START--
INFO: Run Common\Behavior\AdminDefaultLangBehavior [ RunTime:0.002000s ]
INFO: [ admin_begin ] --END-- [ RunTime:0.003000s ]
SQL: SHOW COLUMNS FROM `yds_users` [ RunTime:0.0660s ]
SQL: SELECT * FROM `yds_users` WHERE `id` = '1' LIMIT 1   [ RunTime:0.0670s ]

[ 2018-01-18T11:05:09+08:00 ] ::1 /htdocs/index.php?g=&m=Order&a=doAddOrder
INFO: [ app_begin ] --START--
INFO: Run Behavior\ReadHtmlCacheBehavior [ RunTime:0.000000s ]
INFO: Run Behavior\CheckLangBehavior [ RunTime:0.002000s ]
INFO: Run Common\Behavior\UrldecodeGetBehavior [ RunTime:0.000000s ]
INFO: [ app_begin ] --END-- [ RunTime:0.004001s ]
INFO: [ admin_begin ] --START--
INFO: Run Common\Behavior\AdminDefaultLangBehavior [ RunTime:0.003000s ]
INFO: [ admin_begin ] --END-- [ RunTime:0.003000s ]
SQL: SHOW COLUMNS FROM `yds_users` [ RunTime:0.0640s ]
SQL: SELECT * FROM `yds_users` WHERE `id` = '1' LIMIT 1   [ RunTime:0.0640s ]

[ 2018-01-18T11:05:42+08:00 ] ::1 /htdocs/index.php?g=&m=Order&a=doAddOrder
INFO: [ app_begin ] --START--
INFO: Run Behavior\ReadHtmlCacheBehavior [ RunTime:0.002000s ]
INFO: Run Behavior\CheckLangBehavior [ RunTime:0.002000s ]
INFO: Run Common\Behavior\UrldecodeGetBehavior [ RunTime:0.000000s ]
INFO: [ app_begin ] --END-- [ RunTime:0.006001s ]
INFO: [ admin_begin ] --START--
INFO: Run Common\Behavior\AdminDefaultLangBehavior [ RunTime:0.002000s ]
INFO: [ admin_begin ] --END-- [ RunTime:0.002000s ]
SQL: SHOW COLUMNS FROM `yds_users` [ RunTime:0.0650s ]
SQL: SELECT * FROM `yds_users` WHERE `id` = '1' LIMIT 1   [ RunTime:0.0650s ]

[ 2018-01-18T11:09:25+08:00 ] ::1 /htdocs/index.php?g=&m=Order&a=doAddOrder
INFO: [ app_begin ] --START--
INFO: Run Behavior\ReadHtmlCacheBehavior [ RunTime:0.000000s ]
INFO: Run Behavior\CheckLangBehavior [ RunTime:0.002001s ]
INFO: Run Common\Behavior\UrldecodeGetBehavior [ RunTime:0.002000s ]
INFO: [ app_begin ] --END-- [ RunTime:0.006001s ]
INFO: [ admin_begin ] --START--
INFO: Run Common\Behavior\AdminDefaultLangBehavior [ RunTime:0.002000s ]
INFO: [ admin_begin ] --END-- [ RunTime:0.002000s ]
SQL: SHOW COLUMNS FROM `yds_users` [ RunTime:0.0620s ]
SQL: SELECT * FROM `yds_users` WHERE `id` = '1' LIMIT 1   [ RunTime:0.0620s ]

[ 2018-01-18T11:09:40+08:00 ] ::1 /htdocs/index.php?g=&m=Order&a=doAddOrder
INFO: [ app_begin ] --START--
INFO: Run Behavior\ReadHtmlCacheBehavior [ RunTime:0.001000s ]
INFO: Run Behavior\CheckLangBehavior [ RunTime:0.003000s ]
INFO: Run Common\Behavior\UrldecodeGetBehavior [ RunTime:0.000000s ]
INFO: [ app_begin ] --END-- [ RunTime:0.006000s ]
INFO: [ admin_begin ] --START--
INFO: Run Common\Behavior\AdminDefaultLangBehavior [ RunTime:0.002000s ]
INFO: [ admin_begin ] --END-- [ RunTime:0.002000s ]
SQL: SHOW COLUMNS FROM `yds_users` [ RunTime:0.0650s ]
SQL: SELECT * FROM `yds_users` WHERE `id` = '1' LIMIT 1   [ RunTime:0.0660s ]

[ 2018-01-18T11:10:45+08:00 ] ::1 /htdocs/index.php?g=&m=Order&a=doAddOrder
INFO: [ app_begin ] --START--
INFO: Run Behavior\ReadHtmlCacheBehavior [ RunTime:0.001000s ]
INFO: Run Behavior\CheckLangBehavior [ RunTime:0.003000s ]
INFO: Run Common\Behavior\UrldecodeGetBehavior [ RunTime:0.001000s ]
INFO: [ app_begin ] --END-- [ RunTime:0.005000s ]
INFO: [ admin_begin ] --START--
INFO: Run Common\Behavior\AdminDefaultLangBehavior [ RunTime:0.003001s ]
INFO: [ admin_begin ] --END-- [ RunTime:0.003001s ]
SQL: SHOW COLUMNS FROM `yds_users` [ RunTime:0.0650s ]
SQL: SELECT * FROM `yds_users` WHERE `id` = '1' LIMIT 1   [ RunTime:0.0640s ]

