[ 2018-01-16T18:17:16+08:00 ] ::1 /htdocs/index.php?g=user&m=index&a=is_login
INFO: [ app_begin ] --START--
INFO: Run Behavior\ReadHtmlCacheBehavior [ RunTime:0.001000s ]
INFO: Run Behavior\CheckLangBehavior [ RunTime:0.001000s ]
INFO: Run Common\Behavior\UrldecodeGetBehavior [ RunTime:0.000000s ]
INFO: [ app_begin ] --END-- [ RunTime:0.004000s ]
NOTIC: [8] Undefined index: url D:\wamp64\www\htdocs\application\Common\Controller\AppframeController.class.php 第 22 行.

[ 2018-01-16T18:19:18+08:00 ] ::1 /htdocs/index.php?g=user&m=login&a=dologin
INFO: [ app_begin ] --START--
INFO: Run Behavior\ReadHtmlCacheBehavior [ RunTime:0.001000s ]
INFO: Run Behavior\CheckLangBehavior [ RunTime:0.001000s ]
INFO: Run Common\Behavior\UrldecodeGetBehavior [ RunTime:0.001000s ]
INFO: [ app_begin ] --END-- [ RunTime:0.003000s ]
SQL: SHOW COLUMNS FROM `yds_users` [ RunTime:0.0650s ]
NOTIC: [8] Undefined index: auto D:\wamp64\www\htdocs\simplewind\Core\Library\Think\Model.class.php 第 1128 行.
SQL: SELECT * FROM `yds_users` WHERE `user_status` = 1 AND `user_login` = 'admin' LIMIT 1   [ RunTime:0.0650s ]
SQL: UPDATE `yds_users` SET `last_login_time`='2018-01-16 18:19:18',`last_login_ip`='0.0.0.0' WHERE ( id=1 ) [ RunTime:0.0620s ]

[ 2018-01-16T18:19:21+08:00 ] ::1 /htdocs/index.php?g=user&m=index&a=is_login
INFO: [ app_begin ] --START--
INFO: Run Behavior\ReadHtmlCacheBehavior [ RunTime:0.001001s ]
INFO: Run Behavior\CheckLangBehavior [ RunTime:0.001000s ]
INFO: Run Common\Behavior\UrldecodeGetBehavior [ RunTime:0.001000s ]
INFO: [ app_begin ] --END-- [ RunTime:0.003001s ]
NOTIC: [8] Undefined index: url D:\wamp64\www\htdocs\application\Common\Controller\AppframeController.class.php 第 22 行.

[ 2018-01-16T18:19:28+08:00 ] ::1 /htdocs/index.php?g=user&m=index&a=is_login
INFO: [ app_begin ] --START--
INFO: Run Behavior\ReadHtmlCacheBehavior [ RunTime:0.002000s ]
INFO: Run Behavior\CheckLangBehavior [ RunTime:0.001000s ]
INFO: Run Common\Behavior\UrldecodeGetBehavior [ RunTime:0.002000s ]
INFO: [ app_begin ] --END-- [ RunTime:0.006000s ]
NOTIC: [8] Undefined index: url D:\wamp64\www\htdocs\application\Common\Controller\AppframeController.class.php 第 22 行.

